This file contains any messages produced by compilers while
running configure, to aid debugging if configure makes a mistake.

It was created by libpainter configure 0.1.1, which was
generated by GNU Autoconf 2.69.  Invocation command line was

  $ ./configure --disable-option-checking --prefix=/usr/local --enable-neutrinordp --disable-painter PKG_CONFIG_PATH=/usr/local/lib/pkgconfig --cache-file=/dev/null --srcdir=.

## --------- ##
## Platform. ##
## --------- ##

hostname = localhost.localdomain
uname -m = x86_64
uname -r = 3.10.0-1062.12.1.el7.x86_64
uname -s = Linux
uname -v = #1 SMP Tue Feb 4 23:02:59 UTC 2020

/usr/bin/uname -p = x86_64
/bin/uname -X     = unknown

/bin/arch              = x86_64
/usr/bin/arch -k       = unknown
/usr/convex/getsysinfo = unknown
/usr/bin/hostinfo      = unknown
/bin/machine           = unknown
/usr/bin/oslevel       = unknown
/bin/universe          = unknown

PATH: /usr/local/tomcat/bin
PATH: /usr/local/sbin
PATH: /usr/local/bin
PATH: /usr/sbin
PATH: /usr/bin
PATH: /root/bin


## ----------- ##
## Core tests. ##
## ----------- ##

configure:2176: checking for a BSD-compatible install
configure:2244: result: /usr/bin/install -c
configure:2255: checking whether build environment is sane
configure:2310: result: yes
configure:2461: checking for a thread-safe mkdir -p
configure:2500: result: /usr/bin/mkdir -p
configure:2507: checking for gawk
configure:2523: found /usr/bin/gawk
configure:2534: result: gawk
configure:2545: checking whether make sets $(MAKE)
configure:2567: result: yes
configure:2596: checking whether make supports nested variables
configure:2613: result: yes
configure:2788: checking for gcc
configure:2804: found /usr/bin/gcc
configure:2815: result: gcc
configure:3044: checking for C compiler version
configure:3053: gcc --version >&5
gcc (GCC) 4.8.5 20150623 (Red Hat 4.8.5-39)
Copyright (C) 2015 Free Software Foundation, Inc.
This is free software; see the source for copying conditions.  There is NO
warranty; not even for MERCHANTABILITY or FITNESS FOR A PARTICULAR PURPOSE.

configure:3064: $? = 0
configure:3053: gcc -v >&5
Using built-in specs.
COLLECT_GCC=gcc
COLLECT_LTO_WRAPPER=/usr/libexec/gcc/x86_64-redhat-linux/4.8.5/lto-wrapper
Target: x86_64-redhat-linux
Configured with: ../configure --prefix=/usr --mandir=/usr/share/man --infodir=/usr/share/info --with-bugurl=http://bugzilla.redhat.com/bugzilla --enable-bootstrap --enable-shared --enable-threads=posix --enable-checking=release --with-system-zlib --enable-__cxa_atexit --disable-libunwind-exceptions --enable-gnu-unique-object --enable-linker-build-id --with-linker-hash-style=gnu --enable-languages=c,c++,objc,obj-c++,java,fortran,ada,go,lto --enable-plugin --enable-initfini-array --disable-libgcj --with-isl=/builddir/build/BUILD/gcc-4.8.5-20150702/obj-x86_64-redhat-linux/isl-install --with-cloog=/builddir/build/BUILD/gcc-4.8.5-20150702/obj-x86_64-redhat-linux/cloog-install --enable-gnu-indirect-function --with-tune=generic --with-arch_32=x86-64 --build=x86_64-redhat-linux
Thread model: posix
gcc version 4.8.5 20150623 (Red Hat 4.8.5-39) (GCC) 
configure:3064: $? = 0
configure:3053: gcc -V >&5
gcc: error: unrecognized command line option '-V'
gcc: fatal error: no input files
compilation terminated.
configure:3064: $? = 4
configure:3053: gcc -qversion >&5
gcc: error: unrecognized command line option '-qversion'
gcc: fatal error: no input files
compilation terminated.
configure:3064: $? = 4
configure:3084: checking whether the C compiler works
configure:3106: gcc    conftest.c  >&5
configure:3110: $? = 0
configure:3158: result: yes
configure:3161: checking for C compiler default output file name
configure:3163: result: a.out
configure:3169: checking for suffix of executables
configure:3176: gcc -o conftest    conftest.c  >&5
configure:3180: $? = 0
configure:3202: result: 
configure:3224: checking whether we are cross compiling
configure:3232: gcc -o conftest    conftest.c  >&5
configure:3236: $? = 0
configure:3243: ./conftest
configure:3247: $? = 0
configure:3262: result: no
configure:3267: checking for suffix of object files
configure:3289: gcc -c   conftest.c >&5
configure:3293: $? = 0
configure:3314: result: o
configure:3318: checking whether we are using the GNU C compiler
configure:3337: gcc -c   conftest.c >&5
configure:3337: $? = 0
configure:3346: result: yes
configure:3355: checking whether gcc accepts -g
configure:3375: gcc -c -g  conftest.c >&5
configure:3375: $? = 0
configure:3416: result: yes
configure:3433: checking for gcc option to accept ISO C89
configure:3496: gcc  -c -g -O2  conftest.c >&5
configure:3496: $? = 0
configure:3509: result: none needed
configure:3534: checking whether gcc understands -c and -o together
configure:3556: gcc -c conftest.c -o conftest2.o
configure:3559: $? = 0
configure:3556: gcc -c conftest.c -o conftest2.o
configure:3559: $? = 0
configure:3571: result: yes
configure:3591: checking whether make supports the include directive
configure:3606: make -f confmf.GNU && cat confinc.out
this is the am__doit target
configure:3609: $? = 0
configure:3628: result: yes (GNU style)
configure:3653: checking dependency style of gcc
configure:3764: result: gcc3
configure:3780: checking for an ANSI C-conforming const
configure:3846: gcc -c -g -O2  conftest.c >&5
configure:3846: $? = 0
configure:3853: result: yes
configure:3890: checking build system type
configure:3904: result: x86_64-pc-linux-gnu
configure:3924: checking host system type
configure:3937: result: x86_64-pc-linux-gnu
configure:3978: checking how to print strings
configure:4005: result: printf
configure:4026: checking for a sed that does not truncate output
configure:4090: result: /usr/bin/sed
configure:4108: checking for grep that handles long lines and -e
configure:4166: result: /usr/bin/grep
configure:4171: checking for egrep
configure:4233: result: /usr/bin/grep -E
configure:4238: checking for fgrep
configure:4300: result: /usr/bin/grep -F
configure:4335: checking for ld used by gcc
configure:4402: result: /usr/bin/ld
configure:4409: checking if the linker (/usr/bin/ld) is GNU ld
configure:4424: result: yes
configure:4436: checking for BSD- or MS-compatible name lister (nm)
configure:4490: result: /usr/bin/nm -B
configure:4620: checking the name lister (/usr/bin/nm -B) interface
configure:4627: gcc -c -g -O2  conftest.c >&5
configure:4630: /usr/bin/nm -B "conftest.o"
configure:4633: output
0000000000000000 B some_variable
configure:4640: result: BSD nm
configure:4643: checking whether ln -s works
configure:4647: result: yes
configure:4655: checking the maximum length of command line arguments
configure:4786: result: 1572864
configure:4834: checking how to convert x86_64-pc-linux-gnu file names to x86_64-pc-linux-gnu format
configure:4874: result: func_convert_file_noop
configure:4881: checking how to convert x86_64-pc-linux-gnu file names to toolchain format
configure:4901: result: func_convert_file_noop
configure:4908: checking for /usr/bin/ld option to reload object files
configure:4915: result: -r
configure:4989: checking for objdump
configure:5005: found /usr/bin/objdump
configure:5016: result: objdump
configure:5048: checking how to recognize dependent libraries
configure:5248: result: pass_all
configure:5333: checking for dlltool
configure:5363: result: no
configure:5393: checking how to associate runtime and link libraries
configure:5420: result: printf %s\n
configure:5480: checking for ar
configure:5496: found /usr/bin/ar
configure:5507: result: ar
configure:5544: checking for archiver @FILE support
configure:5561: gcc -c -g -O2  conftest.c >&5
configure:5561: $? = 0
configure:5564: ar cru libconftest.a @conftest.lst >&5
configure:5567: $? = 0
configure:5572: ar cru libconftest.a @conftest.lst >&5
ar: conftest.o: No such file or directory
configure:5575: $? = 1
configure:5587: result: @
configure:5645: checking for strip
configure:5661: found /usr/bin/strip
configure:5672: result: strip
configure:5744: checking for ranlib
configure:5760: found /usr/bin/ranlib
configure:5771: result: ranlib
configure:5873: checking command to parse /usr/bin/nm -B output from gcc object
configure:6026: gcc -c -g -O2  conftest.c >&5
configure:6029: $? = 0
configure:6033: /usr/bin/nm -B conftest.o \| sed -n -e 's/^.*[ ]\([ABCDGIRSTW][ABCDGIRSTW]*\)[ ][ ]*\([_A-Za-z][_A-Za-z0-9]*\)$/\1 \2 \2/p' | sed '/ __gnu_lto/d' \> conftest.nm
configure:6036: $? = 0
configure:6102: gcc -o conftest -g -O2   conftest.c conftstm.o >&5
configure:6105: $? = 0
configure:6143: result: ok
configure:6190: checking for sysroot
configure:6220: result: no
configure:6227: checking for a working dd
configure:6265: result: /usr/bin/dd
configure:6269: checking how to truncate binary pipes
configure:6284: result: /usr/bin/dd bs=4096 count=1
configure:6420: gcc -c -g -O2  conftest.c >&5
configure:6423: $? = 0
configure:6613: checking for mt
configure:6643: result: no
configure:6663: checking if : is a manifest tool
configure:6669: : '-?'
configure:6677: result: no
configure:7354: checking how to run the C preprocessor
configure:7385: gcc -E  conftest.c
configure:7385: $? = 0
configure:7399: gcc -E  conftest.c
conftest.c:11:28: fatal error: ac_nonexistent.h: No such file or directory
 #include <ac_nonexistent.h>
                            ^
compilation terminated.
configure:7399: $? = 1
configure: failed program was:
| /* confdefs.h */
| #define PACKAGE_NAME "libpainter"
| #define PACKAGE_TARNAME "libpainter"
| #define PACKAGE_VERSION "0.1.1"
| #define PACKAGE_STRING "libpainter 0.1.1"
| #define PACKAGE_BUGREPORT "xrdp-devel@googlegroups.com"
| #define PACKAGE_URL ""
| #define PACKAGE "libpainter"
| #define VERSION "0.1.1"
| /* end confdefs.h.  */
| #include <ac_nonexistent.h>
configure:7424: result: gcc -E
configure:7444: gcc -E  conftest.c
configure:7444: $? = 0
configure:7458: gcc -E  conftest.c
conftest.c:11:28: fatal error: ac_nonexistent.h: No such file or directory
 #include <ac_nonexistent.h>
                            ^
compilation terminated.
configure:7458: $? = 1
configure: failed program was:
| /* confdefs.h */
| #define PACKAGE_NAME "libpainter"
| #define PACKAGE_TARNAME "libpainter"
| #define PACKAGE_VERSION "0.1.1"
| #define PACKAGE_STRING "libpainter 0.1.1"
| #define PACKAGE_BUGREPORT "xrdp-devel@googlegroups.com"
| #define PACKAGE_URL ""
| #define PACKAGE "libpainter"
| #define VERSION "0.1.1"
| /* end confdefs.h.  */
| #include <ac_nonexistent.h>
configure:7487: checking for ANSI C header files
configure:7507: gcc -c -g -O2  conftest.c >&5
configure:7507: $? = 0
configure:7580: gcc -o conftest -g -O2   conftest.c  >&5
configure:7580: $? = 0
configure:7580: ./conftest
configure:7580: $? = 0
configure:7591: result: yes
configure:7604: checking for sys/types.h
configure:7604: gcc -c -g -O2  conftest.c >&5
configure:7604: $? = 0
configure:7604: result: yes
configure:7604: checking for sys/stat.h
configure:7604: gcc -c -g -O2  conftest.c >&5
configure:7604: $? = 0
configure:7604: result: yes
configure:7604: checking for stdlib.h
configure:7604: gcc -c -g -O2  conftest.c >&5
configure:7604: $? = 0
configure:7604: result: yes
configure:7604: checking for string.h
configure:7604: gcc -c -g -O2  conftest.c >&5
configure:7604: $? = 0
configure:7604: result: yes
configure:7604: checking for memory.h
configure:7604: gcc -c -g -O2  conftest.c >&5
configure:7604: $? = 0
configure:7604: result: yes
configure:7604: checking for strings.h
configure:7604: gcc -c -g -O2  conftest.c >&5
configure:7604: $? = 0
configure:7604: result: yes
configure:7604: checking for inttypes.h
configure:7604: gcc -c -g -O2  conftest.c >&5
configure:7604: $? = 0
configure:7604: result: yes
configure:7604: checking for stdint.h
configure:7604: gcc -c -g -O2  conftest.c >&5
configure:7604: $? = 0
configure:7604: result: yes
configure:7604: checking for unistd.h
configure:7604: gcc -c -g -O2  conftest.c >&5
configure:7604: $? = 0
configure:7604: result: yes
configure:7618: checking for dlfcn.h
configure:7618: gcc -c -g -O2  conftest.c >&5
configure:7618: $? = 0
configure:7618: result: yes
configure:7874: checking for objdir
configure:7889: result: .libs
configure:8153: checking if gcc supports -fno-rtti -fno-exceptions
configure:8171: gcc -c -g -O2  -fno-rtti -fno-exceptions conftest.c >&5
cc1: warning: command line option '-fno-rtti' is valid for C++/ObjC++ but not for C [enabled by default]
configure:8175: $? = 0
configure:8188: result: no
configure:8546: checking for gcc option to produce PIC
configure:8553: result: -fPIC -DPIC
configure:8561: checking if gcc PIC flag -fPIC -DPIC works
configure:8579: gcc -c -g -O2  -fPIC -DPIC -DPIC conftest.c >&5
configure:8583: $? = 0
configure:8596: result: yes
configure:8625: checking if gcc static flag -static works
configure:8653: result: no
configure:8668: checking if gcc supports -c -o file.o
configure:8689: gcc -c -g -O2  -o out/conftest2.o conftest.c >&5
configure:8693: $? = 0
configure:8715: result: yes
configure:8723: checking if gcc supports -c -o file.o
configure:8770: result: yes
configure:8803: checking whether the gcc linker (/usr/bin/ld -m elf_x86_64) supports shared libraries
configure:10062: result: yes
configure:10099: checking whether -lc should be explicitly linked in
configure:10107: gcc -c -g -O2  conftest.c >&5
configure:10110: $? = 0
configure:10125: gcc -shared  -fPIC -DPIC conftest.o  -v -Wl,-soname -Wl,conftest -o conftest 2\>\&1 \| /usr/bin/grep  -lc  \>/dev/null 2\>\&1
configure:10128: $? = 0
configure:10142: result: no
configure:10302: checking dynamic linker characteristics
configure:10883: gcc -o conftest -g -O2   -Wl,-rpath -Wl,/foo conftest.c  >&5
configure:10883: $? = 0
configure:11120: result: GNU/Linux ld.so
configure:11242: checking how to hardcode library paths into programs
configure:11267: result: immediate
configure:11815: checking whether stripping libraries is possible
configure:11820: result: yes
configure:11855: checking if libtool supports shared libraries
configure:11857: result: yes
configure:11860: checking whether to build shared libraries
configure:11885: result: yes
configure:11888: checking whether to build static libraries
configure:11892: result: yes
configure:11957: checking whether make supports nested variables
configure:11974: result: yes
configure:11992: checking CFLAGS for maximum warnings
configure:12012: gcc -c -g -O2 -warn all  -warn all  conftest.c >&5
gcc: error: all: No such file or directory
gcc: error: all: No such file or directory
gcc: error: unrecognized command line option '-warn'
gcc: error: unrecognized command line option '-warn'
configure:12012: $? = 1
configure: failed program was:
| /* confdefs.h */
| #define PACKAGE_NAME "libpainter"
| #define PACKAGE_TARNAME "libpainter"
| #define PACKAGE_VERSION "0.1.1"
| #define PACKAGE_STRING "libpainter 0.1.1"
| #define PACKAGE_BUGREPORT "xrdp-devel@googlegroups.com"
| #define PACKAGE_URL ""
| #define PACKAGE "libpainter"
| #define VERSION "0.1.1"
| #define STDC_HEADERS 1
| #define HAVE_SYS_TYPES_H 1
| #define HAVE_SYS_STAT_H 1
| #define HAVE_STDLIB_H 1
| #define HAVE_STRING_H 1
| #define HAVE_MEMORY_H 1
| #define HAVE_STRINGS_H 1
| #define HAVE_INTTYPES_H 1
| #define HAVE_STDINT_H 1
| #define HAVE_UNISTD_H 1
| #define HAVE_DLFCN_H 1
| #define LT_OBJDIR ".libs/"
| /* end confdefs.h.  */
| 
| int
| main ()
| {
| 
|   ;
|   return 0;
| }
configure:12012: gcc -c -g -O2 -pedantic  -Wall  conftest.c >&5
configure:12012: $? = 0
configure:12020: result: -Wall
configure:12040: : CFLAGS="$CFLAGS"
configure:12043: $? = 0
configure:12074: checking whether C compiler accepts -Wwrite-strings
configure:12093: gcc -c -g -O2 -Wall  -Wwrite-strings  conftest.c >&5
configure:12093: $? = 0
configure:12102: result: yes
configure:12118: : CFLAGS="$CFLAGS"
configure:12121: $? = 0
configure:12272: checking that generated files are newer than configure
configure:12278: result: done
configure:12305: creating ./config.status

## ---------------------- ##
## Running config.status. ##
## ---------------------- ##

This file was extended by libpainter config.status 0.1.1, which was
generated by GNU Autoconf 2.69.  Invocation command line was

  CONFIG_FILES    = 
  CONFIG_HEADERS  = 
  CONFIG_LINKS    = 
  CONFIG_COMMANDS = 
  $ ./config.status 

on localhost.localdomain

config.status:1092: creating Makefile
config.status:1092: creating include/Makefile
config.status:1092: creating pkgconfig/libpainter.pc
config.status:1092: creating pkgconfig/libpainter-uninstalled.pc
config.status:1092: creating pkgconfig/Makefile
config.status:1092: creating src/Makefile
config.status:1092: creating tests/Makefile
config.status:1092: creating config_ac.h
config.status:1321: executing depfiles commands
config.status:1398: cd src       && sed -e '/# am--include-marker/d' Makefile         | make -f - am--depfiles
config.status:1403: $? = 0
config.status:1398: cd tests       && sed -e '/# am--include-marker/d' Makefile         | make -f - am--depfiles
config.status:1403: $? = 0
config.status:1321: executing libtool commands

## ---------------- ##
## Cache variables. ##
## ---------------- ##

ac_cv_build=x86_64-pc-linux-gnu
ac_cv_c_compiler_gnu=yes
ac_cv_c_const=yes
ac_cv_cflags_warn_all=-Wall
ac_cv_env_CC_set=
ac_cv_env_CC_value=
ac_cv_env_CFLAGS_set=
ac_cv_env_CFLAGS_value=
ac_cv_env_CPPFLAGS_set=
ac_cv_env_CPPFLAGS_value=
ac_cv_env_CPP_set=
ac_cv_env_CPP_value=
ac_cv_env_LDFLAGS_set=
ac_cv_env_LDFLAGS_value=
ac_cv_env_LIBS_set=
ac_cv_env_LIBS_value=
ac_cv_env_LT_SYS_LIBRARY_PATH_set=
ac_cv_env_LT_SYS_LIBRARY_PATH_value=
ac_cv_env_build_alias_set=
ac_cv_env_build_alias_value=
ac_cv_env_host_alias_set=
ac_cv_env_host_alias_value=
ac_cv_env_target_alias_set=
ac_cv_env_target_alias_value=
ac_cv_header_dlfcn_h=yes
ac_cv_header_inttypes_h=yes
ac_cv_header_memory_h=yes
ac_cv_header_stdc=yes
ac_cv_header_stdint_h=yes
ac_cv_header_stdlib_h=yes
ac_cv_header_string_h=yes
ac_cv_header_strings_h=yes
ac_cv_header_sys_stat_h=yes
ac_cv_header_sys_types_h=yes
ac_cv_header_unistd_h=yes
ac_cv_host=x86_64-pc-linux-gnu
ac_cv_objext=o
ac_cv_path_EGREP='/usr/bin/grep -E'
ac_cv_path_FGREP='/usr/bin/grep -F'
ac_cv_path_GREP=/usr/bin/grep
ac_cv_path_SED=/usr/bin/sed
ac_cv_path_install='/usr/bin/install -c'
ac_cv_path_lt_DD=/usr/bin/dd
ac_cv_path_mkdir=/usr/bin/mkdir
ac_cv_prog_AWK=gawk
ac_cv_prog_CPP='gcc -E'
ac_cv_prog_ac_ct_AR=ar
ac_cv_prog_ac_ct_CC=gcc
ac_cv_prog_ac_ct_OBJDUMP=objdump
ac_cv_prog_ac_ct_RANLIB=ranlib
ac_cv_prog_ac_ct_STRIP=strip
ac_cv_prog_cc_c89=
ac_cv_prog_cc_g=yes
ac_cv_prog_make_make_set=yes
am_cv_CC_dependencies_compiler_type=gcc3
am_cv_make_support_nested_variables=yes
am_cv_prog_cc_c_o=yes
ax_cv_check_cflags___Wwrite_strings=yes
lt_cv_ar_at_file=@
lt_cv_archive_cmds_need_lc=no
lt_cv_deplibs_check_method=pass_all
lt_cv_file_magic_cmd='$MAGIC_CMD'
lt_cv_file_magic_test_file=
lt_cv_ld_reload_flag=-r
lt_cv_nm_interface='BSD nm'
lt_cv_objdir=.libs
lt_cv_path_LD=/usr/bin/ld
lt_cv_path_NM='/usr/bin/nm -B'
lt_cv_path_mainfest_tool=no
lt_cv_prog_compiler_c_o=yes
lt_cv_prog_compiler_pic='-fPIC -DPIC'
lt_cv_prog_compiler_pic_works=yes
lt_cv_prog_compiler_rtti_exceptions=no
lt_cv_prog_compiler_static_works=no
lt_cv_prog_gnu_ld=yes
lt_cv_sharedlib_from_linklib_cmd='printf %s\n'
lt_cv_shlibpath_overrides_runpath=no
lt_cv_sys_global_symbol_pipe='sed -n -e '\''s/^.*[	 ]\([ABCDGIRSTW][ABCDGIRSTW]*\)[	 ][	 ]*\([_A-Za-z][_A-Za-z0-9]*\)$/\1 \2 \2/p'\'' | sed '\''/ __gnu_lto/d'\'''
lt_cv_sys_global_symbol_to_c_name_address='sed -n -e '\''s/^: \(.*\) .*$/  {"\1", (void *) 0},/p'\'' -e '\''s/^[ABCDGIRSTW][ABCDGIRSTW]* .* \(.*\)$/  {"\1", (void *) \&\1},/p'\'''
lt_cv_sys_global_symbol_to_c_name_address_lib_prefix='sed -n -e '\''s/^: \(.*\) .*$/  {"\1", (void *) 0},/p'\'' -e '\''s/^[ABCDGIRSTW][ABCDGIRSTW]* .* \(lib.*\)$/  {"\1", (void *) \&\1},/p'\'' -e '\''s/^[ABCDGIRSTW][ABCDGIRSTW]* .* \(.*\)$/  {"lib\1", (void *) \&\1},/p'\'''
lt_cv_sys_global_symbol_to_cdecl='sed -n -e '\''s/^T .* \(.*\)$/extern int \1();/p'\'' -e '\''s/^[ABCDGIRSTW][ABCDGIRSTW]* .* \(.*\)$/extern char \1;/p'\'''
lt_cv_sys_global_symbol_to_import=
lt_cv_sys_max_cmd_len=1572864
lt_cv_to_host_file_cmd=func_convert_file_noop
lt_cv_to_tool_file_cmd=func_convert_file_noop
lt_cv_truncate_bin='/usr/bin/dd bs=4096 count=1'

## ----------------- ##
## Output variables. ##
## ----------------- ##

ACLOCAL='${SHELL} /home/workroom1/myxrdp/xrdp-0.9.12/libpainter/missing aclocal-1.16'
AMDEPBACKSLASH='\'
AMDEP_FALSE='#'
AMDEP_TRUE=''
AMTAR='$${TAR-tar}'
AM_BACKSLASH='\'
AM_DEFAULT_V='$(AM_DEFAULT_VERBOSITY)'
AM_DEFAULT_VERBOSITY='0'
AM_V='$(V)'
AR='ar'
AUTOCONF='${SHELL} /home/workroom1/myxrdp/xrdp-0.9.12/libpainter/missing autoconf'
AUTOHEADER='${SHELL} /home/workroom1/myxrdp/xrdp-0.9.12/libpainter/missing autoheader'
AUTOMAKE='${SHELL} /home/workroom1/myxrdp/xrdp-0.9.12/libpainter/missing automake-1.16'
AWK='gawk'
CC='gcc'
CCDEPMODE='depmode=gcc3'
CFLAGS='-g -O2 -Wall -Wwrite-strings'
CPP='gcc -E'
CPPFLAGS=''
CYGPATH_W='echo'
DEFS='-DHAVE_CONFIG_H'
DEPDIR='.deps'
DLLTOOL='false'
DSYMUTIL=''
DUMPBIN=''
ECHO_C=''
ECHO_N='-n'
ECHO_T=''
EGREP='/usr/bin/grep -E'
EXEEXT=''
FGREP='/usr/bin/grep -F'
GREP='/usr/bin/grep'
INSTALL_DATA='${INSTALL} -m 644'
INSTALL_PROGRAM='${INSTALL}'
INSTALL_SCRIPT='${INSTALL}'
INSTALL_STRIP_PROGRAM='$(install_sh) -c -s'
LD='/usr/bin/ld -m elf_x86_64'
LDFLAGS=''
LIBOBJS=''
LIBS=''
LIBTOOL='$(SHELL) $(top_builddir)/libtool'
LIPO=''
LN_S='ln -s'
LTLIBOBJS=''
LT_SYS_LIBRARY_PATH=''
MAKEINFO='${SHELL} /home/workroom1/myxrdp/xrdp-0.9.12/libpainter/missing makeinfo'
MANIFEST_TOOL=':'
MKDIR_P='/usr/bin/mkdir -p'
NM='/usr/bin/nm -B'
NMEDIT=''
OBJDUMP='objdump'
OBJEXT='o'
OTOOL64=''
OTOOL=''
PACKAGE='libpainter'
PACKAGE_BUGREPORT='xrdp-devel@googlegroups.com'
PACKAGE_NAME='libpainter'
PACKAGE_STRING='libpainter 0.1.1'
PACKAGE_TARNAME='libpainter'
PACKAGE_URL=''
PACKAGE_VERSION='0.1.1'
PATH_SEPARATOR=':'
PT_TESTS_FALSE=''
PT_TESTS_TRUE='#'
RANLIB='ranlib'
SED='/usr/bin/sed'
SET_MAKE=''
SHELL='/bin/sh'
STRIP='strip'
VERSION='0.1.1'
ac_ct_AR='ar'
ac_ct_CC='gcc'
ac_ct_DUMPBIN=''
am__EXEEXT_FALSE=''
am__EXEEXT_TRUE='#'
am__fastdepCC_FALSE='#'
am__fastdepCC_TRUE=''
am__include='include'
am__isrc=''
am__leading_dot='.'
am__nodep='_no'
am__quote=''
am__tar='$${TAR-tar} chof - "$$tardir"'
am__untar='$${TAR-tar} xf -'
bindir='${exec_prefix}/bin'
build='x86_64-pc-linux-gnu'
build_alias=''
build_cpu='x86_64'
build_os='linux-gnu'
build_vendor='pc'
datadir='${datarootdir}'
datarootdir='${prefix}/share'
docdir='${datarootdir}/doc/${PACKAGE_TARNAME}'
dvidir='${docdir}'
exec_prefix='${prefix}'
host='x86_64-pc-linux-gnu'
host_alias=''
host_cpu='x86_64'
host_os='linux-gnu'
host_vendor='pc'
htmldir='${docdir}'
includedir='${prefix}/include'
infodir='${datarootdir}/info'
install_sh='${SHELL} /home/workroom1/myxrdp/xrdp-0.9.12/libpainter/install-sh'
libdir='${exec_prefix}/lib'
libexecdir='${exec_prefix}/libexec'
localedir='${datarootdir}/locale'
localstatedir='${prefix}/var'
mandir='${datarootdir}/man'
mkdir_p='$(MKDIR_P)'
oldincludedir='/usr/include'
pdfdir='${docdir}'
pkgconfigdir='${libdir}/pkgconfig'
prefix='/usr/local'
program_transform_name='s,x,x,'
psdir='${docdir}'
sbindir='${exec_prefix}/sbin'
sharedstatedir='${prefix}/com'
sysconfdir='${prefix}/etc'
target_alias=''

## ----------- ##
## confdefs.h. ##
## ----------- ##

/* confdefs.h */
#define PACKAGE_NAME "libpainter"
#define PACKAGE_TARNAME "libpainter"
#define PACKAGE_VERSION "0.1.1"
#define PACKAGE_STRING "libpainter 0.1.1"
#define PACKAGE_BUGREPORT "xrdp-devel@googlegroups.com"
#define PACKAGE_URL ""
#define PACKAGE "libpainter"
#define VERSION "0.1.1"
#define STDC_HEADERS 1
#define HAVE_SYS_TYPES_H 1
#define HAVE_SYS_STAT_H 1
#define HAVE_STDLIB_H 1
#define HAVE_STRING_H 1
#define HAVE_MEMORY_H 1
#define HAVE_STRINGS_H 1
#define HAVE_INTTYPES_H 1
#define HAVE_STDINT_H 1
#define HAVE_UNISTD_H 1
#define HAVE_DLFCN_H 1
#define LT_OBJDIR ".libs/"

configure: exit 0
