This file contains any messages produced by compilers while
running configure, to aid debugging if configure makes a mistake.

It was created by rfxcodec configure 0.1.5, which was
generated by GNU Autoconf 2.69.  Invocation command line was

  $ ./configure --disable-option-checking --prefix=/usr/local --enable-neutrinordp PKG_CONFIG_PATH=/usr/local/lib/pkgconfig --cache-file=/dev/null --srcdir=.

## --------- ##
## Platform. ##
## --------- ##

hostname = localhost.localdomain
uname -m = x86_64
uname -r = 3.10.0-1062.12.1.el7.x86_64
uname -s = Linux
uname -v = #1 SMP Tue Feb 4 23:02:59 UTC 2020

/usr/bin/uname -p = x86_64
/bin/uname -X     = unknown

/bin/arch              = x86_64
/usr/bin/arch -k       = unknown
/usr/convex/getsysinfo = unknown
/usr/bin/hostinfo      = unknown
/bin/machine           = unknown
/usr/bin/oslevel       = unknown
/bin/universe          = unknown

PATH: /usr/local/sbin
PATH: /usr/local/bin
PATH: /usr/sbin
PATH: /usr/bin
PATH: /root/bin


## ----------- ##
## Core tests. ##
## ----------- ##

configure:2172: checking for a BSD-compatible install
configure:2240: result: /usr/bin/install -c
configure:2251: checking whether build environment is sane
configure:2306: result: yes
configure:2457: checking for a thread-safe mkdir -p
configure:2496: result: /usr/bin/mkdir -p
configure:2503: checking for gawk
configure:2519: found /usr/bin/gawk
configure:2530: result: gawk
configure:2541: checking whether make sets $(MAKE)
configure:2563: result: yes
configure:2592: checking whether make supports nested variables
configure:2609: result: yes
configure:2705: checking whether make supports nested variables
configure:2722: result: yes
configure:2781: checking for gcc
configure:2797: found /usr/bin/gcc
configure:2808: result: gcc
configure:3037: checking for C compiler version
configure:3046: gcc --version >&5
gcc (GCC) 4.8.5 20150623 (Red Hat 4.8.5-39)
Copyright (C) 2015 Free Software Foundation, Inc.
This is free software; see the source for copying conditions.  There is NO
warranty; not even for MERCHANTABILITY or FITNESS FOR A PARTICULAR PURPOSE.

configure:3057: $? = 0
configure:3046: gcc -v >&5
Using built-in specs.
COLLECT_GCC=gcc
COLLECT_LTO_WRAPPER=/usr/libexec/gcc/x86_64-redhat-linux/4.8.5/lto-wrapper
Target: x86_64-redhat-linux
Configured with: ../configure --prefix=/usr --mandir=/usr/share/man --infodir=/usr/share/info --with-bugurl=http://bugzilla.redhat.com/bugzilla --enable-bootstrap --enable-shared --enable-threads=posix --enable-checking=release --with-system-zlib --enable-__cxa_atexit --disable-libunwind-exceptions --enable-gnu-unique-object --enable-linker-build-id --with-linker-hash-style=gnu --enable-languages=c,c++,objc,obj-c++,java,fortran,ada,go,lto --enable-plugin --enable-initfini-array --disable-libgcj --with-isl=/builddir/build/BUILD/gcc-4.8.5-20150702/obj-x86_64-redhat-linux/isl-install --with-cloog=/builddir/build/BUILD/gcc-4.8.5-20150702/obj-x86_64-redhat-linux/cloog-install --enable-gnu-indirect-function --with-tune=generic --with-arch_32=x86-64 --build=x86_64-redhat-linux
Thread model: posix
gcc version 4.8.5 20150623 (Red Hat 4.8.5-39) (GCC) 
configure:3057: $? = 0
configure:3046: gcc -V >&5
gcc: error: unrecognized command line option '-V'
gcc: fatal error: no input files
compilation terminated.
configure:3057: $? = 4
configure:3046: gcc -qversion >&5
gcc: error: unrecognized command line option '-qversion'
gcc: fatal error: no input files
compilation terminated.
configure:3057: $? = 4
configure:3077: checking whether the C compiler works
configure:3099: gcc    conftest.c  >&5
configure:3103: $? = 0
configure:3151: result: yes
configure:3154: checking for C compiler default output file name
configure:3156: result: a.out
configure:3162: checking for suffix of executables
configure:3169: gcc -o conftest    conftest.c  >&5
configure:3173: $? = 0
configure:3195: result: 
configure:3217: checking whether we are cross compiling
configure:3225: gcc -o conftest    conftest.c  >&5
configure:3229: $? = 0
configure:3236: ./conftest
configure:3240: $? = 0
configure:3255: result: no
configure:3260: checking for suffix of object files
configure:3282: gcc -c   conftest.c >&5
configure:3286: $? = 0
configure:3307: result: o
configure:3311: checking whether we are using the GNU C compiler
configure:3330: gcc -c   conftest.c >&5
configure:3330: $? = 0
configure:3339: result: yes
configure:3348: checking whether gcc accepts -g
configure:3368: gcc -c -g  conftest.c >&5
configure:3368: $? = 0
configure:3409: result: yes
configure:3426: checking for gcc option to accept ISO C89
configure:3489: gcc  -c -g -O2  conftest.c >&5
configure:3489: $? = 0
configure:3502: result: none needed
configure:3533: checking for style of include used by make
configure:3561: result: GNU
configure:3587: checking dependency style of gcc
configure:3698: result: gcc3
configure:3714: checking for an ANSI C-conforming const
configure:3780: gcc -c -g -O2  conftest.c >&5
configure:3780: $? = 0
configure:3787: result: yes
configure:3824: checking build system type
configure:3838: result: x86_64-unknown-linux-gnu
configure:3858: checking host system type
configure:3871: result: x86_64-unknown-linux-gnu
configure:3912: checking how to print strings
configure:3939: result: printf
configure:3960: checking for a sed that does not truncate output
configure:4024: result: /usr/bin/sed
configure:4042: checking for grep that handles long lines and -e
configure:4100: result: /usr/bin/grep
configure:4105: checking for egrep
configure:4167: result: /usr/bin/grep -E
configure:4172: checking for fgrep
configure:4234: result: /usr/bin/grep -F
configure:4269: checking for ld used by gcc
configure:4336: result: /usr/bin/ld
configure:4343: checking if the linker (/usr/bin/ld) is GNU ld
configure:4358: result: yes
configure:4370: checking for BSD- or MS-compatible name lister (nm)
configure:4419: result: /usr/bin/nm -B
configure:4549: checking the name lister (/usr/bin/nm -B) interface
configure:4556: gcc -c -g -O2  conftest.c >&5
configure:4559: /usr/bin/nm -B "conftest.o"
configure:4562: output
0000000000000000 B some_variable
configure:4569: result: BSD nm
configure:4572: checking whether ln -s works
configure:4576: result: yes
configure:4584: checking the maximum length of command line arguments
configure:4714: result: 1572864
configure:4731: checking whether the shell understands some XSI constructs
configure:4741: result: yes
configure:4745: checking whether the shell understands "+="
configure:4751: result: yes
configure:4786: checking how to convert x86_64-unknown-linux-gnu file names to x86_64-unknown-linux-gnu format
configure:4826: result: func_convert_file_noop
configure:4833: checking how to convert x86_64-unknown-linux-gnu file names to toolchain format
configure:4853: result: func_convert_file_noop
configure:4860: checking for /usr/bin/ld option to reload object files
configure:4867: result: -r
configure:4941: checking for objdump
configure:4957: found /usr/bin/objdump
configure:4968: result: objdump
configure:5000: checking how to recognize dependent libraries
configure:5202: result: pass_all
configure:5287: checking for dlltool
configure:5317: result: no
configure:5347: checking how to associate runtime and link libraries
configure:5374: result: printf %s\n
configure:5434: checking for ar
configure:5450: found /usr/bin/ar
configure:5461: result: ar
configure:5498: checking for archiver @FILE support
configure:5515: gcc -c -g -O2  conftest.c >&5
configure:5515: $? = 0
configure:5518: ar cru libconftest.a @conftest.lst >&5
configure:5521: $? = 0
configure:5526: ar cru libconftest.a @conftest.lst >&5
ar: conftest.o: No such file or directory
configure:5529: $? = 1
configure:5541: result: @
configure:5599: checking for strip
configure:5615: found /usr/bin/strip
configure:5626: result: strip
configure:5698: checking for ranlib
configure:5714: found /usr/bin/ranlib
configure:5725: result: ranlib
configure:5827: checking command to parse /usr/bin/nm -B output from gcc object
configure:5947: gcc -c -g -O2  conftest.c >&5
configure:5950: $? = 0
configure:5954: /usr/bin/nm -B conftest.o \| sed -n -e 's/^.*[ ]\([ABCDGIRSTW][ABCDGIRSTW]*\)[ ][ ]*\([_A-Za-z][_A-Za-z0-9]*\)$/\1 \2 \2/p' | sed '/ __gnu_lto/d' \> conftest.nm
configure:5957: $? = 0
configure:6023: gcc -o conftest -g -O2   conftest.c conftstm.o >&5
configure:6026: $? = 0
configure:6064: result: ok
configure:6101: checking for sysroot
configure:6131: result: no
configure:6208: gcc -c -g -O2  conftest.c >&5
configure:6211: $? = 0
configure:6387: checking for mt
configure:6417: result: no
configure:6437: checking if : is a manifest tool
configure:6443: : '-?'
configure:6451: result: no
configure:7093: checking how to run the C preprocessor
configure:7124: gcc -E  conftest.c
configure:7124: $? = 0
configure:7138: gcc -E  conftest.c
conftest.c:11:28: fatal error: ac_nonexistent.h: No such file or directory
 #include <ac_nonexistent.h>
                            ^
compilation terminated.
configure:7138: $? = 1
configure: failed program was:
| /* confdefs.h */
| #define PACKAGE_NAME "rfxcodec"
| #define PACKAGE_TARNAME "rfxcodec"
| #define PACKAGE_VERSION "0.1.5"
| #define PACKAGE_STRING "rfxcodec 0.1.5"
| #define PACKAGE_BUGREPORT "xrdp-devel@googlegroups.com"
| #define PACKAGE_URL ""
| #define PACKAGE "rfxcodec"
| #define VERSION "0.1.5"
| /* end confdefs.h.  */
| #include <ac_nonexistent.h>
configure:7163: result: gcc -E
configure:7183: gcc -E  conftest.c
configure:7183: $? = 0
configure:7197: gcc -E  conftest.c
conftest.c:11:28: fatal error: ac_nonexistent.h: No such file or directory
 #include <ac_nonexistent.h>
                            ^
compilation terminated.
configure:7197: $? = 1
configure: failed program was:
| /* confdefs.h */
| #define PACKAGE_NAME "rfxcodec"
| #define PACKAGE_TARNAME "rfxcodec"
| #define PACKAGE_VERSION "0.1.5"
| #define PACKAGE_STRING "rfxcodec 0.1.5"
| #define PACKAGE_BUGREPORT "xrdp-devel@googlegroups.com"
| #define PACKAGE_URL ""
| #define PACKAGE "rfxcodec"
| #define VERSION "0.1.5"
| /* end confdefs.h.  */
| #include <ac_nonexistent.h>
configure:7226: checking for ANSI C header files
configure:7246: gcc -c -g -O2  conftest.c >&5
configure:7246: $? = 0
configure:7319: gcc -o conftest -g -O2   conftest.c  >&5
configure:7319: $? = 0
configure:7319: ./conftest
configure:7319: $? = 0
configure:7330: result: yes
configure:7343: checking for sys/types.h
configure:7343: gcc -c -g -O2  conftest.c >&5
configure:7343: $? = 0
configure:7343: result: yes
configure:7343: checking for sys/stat.h
configure:7343: gcc -c -g -O2  conftest.c >&5
configure:7343: $? = 0
configure:7343: result: yes
configure:7343: checking for stdlib.h
configure:7343: gcc -c -g -O2  conftest.c >&5
configure:7343: $? = 0
configure:7343: result: yes
configure:7343: checking for string.h
configure:7343: gcc -c -g -O2  conftest.c >&5
configure:7343: $? = 0
configure:7343: result: yes
configure:7343: checking for memory.h
configure:7343: gcc -c -g -O2  conftest.c >&5
configure:7343: $? = 0
configure:7343: result: yes
configure:7343: checking for strings.h
configure:7343: gcc -c -g -O2  conftest.c >&5
configure:7343: $? = 0
configure:7343: result: yes
configure:7343: checking for inttypes.h
configure:7343: gcc -c -g -O2  conftest.c >&5
configure:7343: $? = 0
configure:7343: result: yes
configure:7343: checking for stdint.h
configure:7343: gcc -c -g -O2  conftest.c >&5
configure:7343: $? = 0
configure:7343: result: yes
configure:7343: checking for unistd.h
configure:7343: gcc -c -g -O2  conftest.c >&5
configure:7343: $? = 0
configure:7343: result: yes
configure:7357: checking for dlfcn.h
configure:7357: gcc -c -g -O2  conftest.c >&5
configure:7357: $? = 0
configure:7357: result: yes
configure:7563: checking for objdir
configure:7578: result: .libs
configure:7849: checking if gcc supports -fno-rtti -fno-exceptions
configure:7867: gcc -c -g -O2  -fno-rtti -fno-exceptions conftest.c >&5
cc1: warning: command line option '-fno-rtti' is valid for C++/ObjC++ but not for C [enabled by default]
configure:7871: $? = 0
configure:7884: result: no
configure:8211: checking for gcc option to produce PIC
configure:8218: result: -fPIC -DPIC
configure:8226: checking if gcc PIC flag -fPIC -DPIC works
configure:8244: gcc -c -g -O2  -fPIC -DPIC -DPIC conftest.c >&5
configure:8248: $? = 0
configure:8261: result: yes
configure:8290: checking if gcc static flag -static works
configure:8318: result: no
configure:8333: checking if gcc supports -c -o file.o
configure:8354: gcc -c -g -O2  -o out/conftest2.o conftest.c >&5
configure:8358: $? = 0
configure:8380: result: yes
configure:8388: checking if gcc supports -c -o file.o
configure:8435: result: yes
configure:8468: checking whether the gcc linker (/usr/bin/ld -m elf_x86_64) supports shared libraries
configure:9621: result: yes
configure:9658: checking whether -lc should be explicitly linked in
configure:9666: gcc -c -g -O2  conftest.c >&5
configure:9669: $? = 0
configure:9684: gcc -shared  -fPIC -DPIC conftest.o  -v -Wl,-soname -Wl,conftest -o conftest 2\>\&1 \| /usr/bin/grep  -lc  \>/dev/null 2\>\&1
configure:9687: $? = 0
configure:9701: result: no
configure:9861: checking dynamic linker characteristics
configure:10372: gcc -o conftest -g -O2   -Wl,-rpath -Wl,/foo conftest.c  >&5
configure:10372: $? = 0
configure:10598: result: GNU/Linux ld.so
configure:10705: checking how to hardcode library paths into programs
configure:10730: result: immediate
configure:11270: checking whether stripping libraries is possible
configure:11275: result: yes
configure:11310: checking if libtool supports shared libraries
configure:11312: result: yes
configure:11315: checking whether to build shared libraries
configure:11336: result: yes
configure:11339: checking whether to build static libraries
configure:11343: result: yes
configure:11402: checking CFLAGS for maximum warnings
configure:11422: gcc -c -g -O2 -warn all  -warn all  conftest.c >&5
gcc: error: all: No such file or directory
gcc: error: all: No such file or directory
gcc: error: unrecognized command line option '-warn'
gcc: error: unrecognized command line option '-warn'
configure:11422: $? = 1
configure: failed program was:
| /* confdefs.h */
| #define PACKAGE_NAME "rfxcodec"
| #define PACKAGE_TARNAME "rfxcodec"
| #define PACKAGE_VERSION "0.1.5"
| #define PACKAGE_STRING "rfxcodec 0.1.5"
| #define PACKAGE_BUGREPORT "xrdp-devel@googlegroups.com"
| #define PACKAGE_URL ""
| #define PACKAGE "rfxcodec"
| #define VERSION "0.1.5"
| #define STDC_HEADERS 1
| #define HAVE_SYS_TYPES_H 1
| #define HAVE_SYS_STAT_H 1
| #define HAVE_STDLIB_H 1
| #define HAVE_STRING_H 1
| #define HAVE_MEMORY_H 1
| #define HAVE_STRINGS_H 1
| #define HAVE_INTTYPES_H 1
| #define HAVE_STDINT_H 1
| #define HAVE_UNISTD_H 1
| #define HAVE_DLFCN_H 1
| #define LT_OBJDIR ".libs/"
| /* end confdefs.h.  */
| 
| int
| main ()
| {
| 
|   ;
|   return 0;
| }
configure:11422: gcc -c -g -O2 -pedantic  -Wall  conftest.c >&5
configure:11422: $? = 0
configure:11430: result: -Wall
configure:11450: : CFLAGS="$CFLAGS"
configure:11453: $? = 0
configure:11484: checking whether C compiler accepts -Wwrite-strings
configure:11503: gcc -c -g -O2 -Wall  -Wwrite-strings  conftest.c >&5
configure:11503: $? = 0
configure:11512: result: yes
configure:11528: : CFLAGS="$CFLAGS"
configure:11531: $? = 0
configure:11563: checking if we have SIMD optimisations for cpu type
configure:11567: result: yes (x86_64)
configure:11575: checking for nasm
configure:11591: found /usr/bin/nasm
configure:11602: result: nasm
configure:11615: checking for object file format of host system
configure:11689: result: ELF64
configure:11697: checking for object file format specifier (NAFLAGS) 
configure:11712: result: -felf64 -DELF -D__x86_64__
configure:11716: checking whether the assembler (nasm -felf64 -DELF -D__x86_64__) works
configure:11728: nasm -felf64 -DELF -D__x86_64__ -o conftest-nasm.o conftest.asm
configure:11731: $? = 0
configure:11733: result: yes
configure:11744: checking whether the linker accepts assembler output
configure:11764: gcc -o conftest -g -O2 -Wall -Wwrite-strings   conftest.c conftest-nasm.o  >&5
configure:11764: $? = 0
configure:11772: result: yes
configure:12142: checking that generated files are newer than configure
configure:12148: result: done
configure:12179: creating ./config.status

## ---------------------- ##
## Running config.status. ##
## ---------------------- ##

This file was extended by rfxcodec config.status 0.1.5, which was
generated by GNU Autoconf 2.69.  Invocation command line was

  CONFIG_FILES    = 
  CONFIG_HEADERS  = 
  CONFIG_LINKS    = 
  CONFIG_COMMANDS = 
  $ ./config.status 

on localhost.localdomain

config.status:1095: creating Makefile
config.status:1095: creating include/Makefile
config.status:1095: creating src/Makefile
config.status:1095: creating src/amd64/Makefile
config.status:1095: creating src/x86/Makefile
config.status:1095: creating tests/Makefile
config.status:1095: creating rfxcodec.pc
config.status:1095: creating rfxcodec-uninstalled.pc
config.status:1095: creating config_ac.h
config.status:1276: config_ac.h is unchanged
config.status:1324: executing depfiles commands
config.status:1324: executing libtool commands

## ---------------- ##
## Cache variables. ##
## ---------------- ##

ac_cv_build=x86_64-unknown-linux-gnu
ac_cv_c_compiler_gnu=yes
ac_cv_c_const=yes
ac_cv_cflags_warn_all=-Wall
ac_cv_env_CC_set=
ac_cv_env_CC_value=
ac_cv_env_CFLAGS_set=
ac_cv_env_CFLAGS_value=
ac_cv_env_CPPFLAGS_set=
ac_cv_env_CPPFLAGS_value=
ac_cv_env_CPP_set=
ac_cv_env_CPP_value=
ac_cv_env_LDFLAGS_set=
ac_cv_env_LDFLAGS_value=
ac_cv_env_LIBS_set=
ac_cv_env_LIBS_value=
ac_cv_env_build_alias_set=
ac_cv_env_build_alias_value=
ac_cv_env_host_alias_set=
ac_cv_env_host_alias_value=
ac_cv_env_target_alias_set=
ac_cv_env_target_alias_value=
ac_cv_header_dlfcn_h=yes
ac_cv_header_inttypes_h=yes
ac_cv_header_memory_h=yes
ac_cv_header_stdc=yes
ac_cv_header_stdint_h=yes
ac_cv_header_stdlib_h=yes
ac_cv_header_string_h=yes
ac_cv_header_strings_h=yes
ac_cv_header_sys_stat_h=yes
ac_cv_header_sys_types_h=yes
ac_cv_header_unistd_h=yes
ac_cv_host=x86_64-unknown-linux-gnu
ac_cv_objext=o
ac_cv_path_EGREP='/usr/bin/grep -E'
ac_cv_path_FGREP='/usr/bin/grep -F'
ac_cv_path_GREP=/usr/bin/grep
ac_cv_path_SED=/usr/bin/sed
ac_cv_path_install='/usr/bin/install -c'
ac_cv_path_mkdir=/usr/bin/mkdir
ac_cv_prog_AWK=gawk
ac_cv_prog_CPP='gcc -E'
ac_cv_prog_NASM=nasm
ac_cv_prog_ac_ct_AR=ar
ac_cv_prog_ac_ct_CC=gcc
ac_cv_prog_ac_ct_OBJDUMP=objdump
ac_cv_prog_ac_ct_RANLIB=ranlib
ac_cv_prog_ac_ct_STRIP=strip
ac_cv_prog_cc_c89=
ac_cv_prog_cc_g=yes
ac_cv_prog_make_make_set=yes
am_cv_CC_dependencies_compiler_type=gcc3
am_cv_make_support_nested_variables=yes
ax_cv_check_cflags___Wwrite_strings=yes
lt_cv_ar_at_file=@
lt_cv_archive_cmds_need_lc=no
lt_cv_deplibs_check_method=pass_all
lt_cv_file_magic_cmd='$MAGIC_CMD'
lt_cv_file_magic_test_file=
lt_cv_ld_reload_flag=-r
lt_cv_nm_interface='BSD nm'
lt_cv_objdir=.libs
lt_cv_path_LD=/usr/bin/ld
lt_cv_path_NM='/usr/bin/nm -B'
lt_cv_path_mainfest_tool=no
lt_cv_prog_compiler_c_o=yes
lt_cv_prog_compiler_pic='-fPIC -DPIC'
lt_cv_prog_compiler_pic_works=yes
lt_cv_prog_compiler_rtti_exceptions=no
lt_cv_prog_compiler_static_works=no
lt_cv_prog_gnu_ld=yes
lt_cv_sharedlib_from_linklib_cmd='printf %s\n'
lt_cv_shlibpath_overrides_runpath=no
lt_cv_sys_global_symbol_pipe='sed -n -e '\''s/^.*[	 ]\([ABCDGIRSTW][ABCDGIRSTW]*\)[	 ][	 ]*\([_A-Za-z][_A-Za-z0-9]*\)$/\1 \2 \2/p'\'' | sed '\''/ __gnu_lto/d'\'''
lt_cv_sys_global_symbol_to_c_name_address='sed -n -e '\''s/^: \([^ ]*\)[ ]*$/  {\"\1\", (void *) 0},/p'\'' -e '\''s/^[ABCDGIRSTW]* \([^ ]*\) \([^ ]*\)$/  {"\2", (void *) \&\2},/p'\'''
lt_cv_sys_global_symbol_to_c_name_address_lib_prefix='sed -n -e '\''s/^: \([^ ]*\)[ ]*$/  {\"\1\", (void *) 0},/p'\'' -e '\''s/^[ABCDGIRSTW]* \([^ ]*\) \(lib[^ ]*\)$/  {"\2", (void *) \&\2},/p'\'' -e '\''s/^[ABCDGIRSTW]* \([^ ]*\) \([^ ]*\)$/  {"lib\2", (void *) \&\2},/p'\'''
lt_cv_sys_global_symbol_to_cdecl='sed -n -e '\''s/^T .* \(.*\)$/extern int \1();/p'\'' -e '\''s/^[ABCDGIRSTW]* .* \(.*\)$/extern char \1;/p'\'''
lt_cv_sys_max_cmd_len=1572864
lt_cv_to_host_file_cmd=func_convert_file_noop
lt_cv_to_tool_file_cmd=func_convert_file_noop

## ----------------- ##
## Output variables. ##
## ----------------- ##

ACLOCAL='${SHELL} /home/workroom1/myxrdp/xrdp-0.9.12/librfxcodec/missing aclocal-1.13'
AMDEPBACKSLASH='\'
AMDEP_FALSE='#'
AMDEP_TRUE=''
AMTAR='$${TAR-tar}'
AM_BACKSLASH='\'
AM_DEFAULT_V='$(AM_DEFAULT_VERBOSITY)'
AM_DEFAULT_VERBOSITY='0'
AM_V='$(V)'
AR='ar'
AUTOCONF='${SHELL} /home/workroom1/myxrdp/xrdp-0.9.12/librfxcodec/missing autoconf'
AUTOHEADER='${SHELL} /home/workroom1/myxrdp/xrdp-0.9.12/librfxcodec/missing autoheader'
AUTOMAKE='${SHELL} /home/workroom1/myxrdp/xrdp-0.9.12/librfxcodec/missing automake-1.13'
AWK='gawk'
CC='gcc'
CCDEPMODE='depmode=gcc3'
CFLAGS='-g -O2 -Wall -Wwrite-strings'
CPP='gcc -E'
CPPFLAGS=''
CYGPATH_W='echo'
DEFS='-DHAVE_CONFIG_H'
DEPDIR='.deps'
DLLTOOL='false'
DSYMUTIL=''
DUMPBIN=''
ECHO_C=''
ECHO_N='-n'
ECHO_T=''
EGREP='/usr/bin/grep -E'
EXEEXT=''
FGREP='/usr/bin/grep -F'
GREP='/usr/bin/grep'
INSTALL_DATA='${INSTALL} -m 644'
INSTALL_PROGRAM='${INSTALL}'
INSTALL_SCRIPT='${INSTALL}'
INSTALL_STRIP_PROGRAM='$(install_sh) -c -s'
LD='/usr/bin/ld -m elf_x86_64'
LDFLAGS=''
LIBOBJS=''
LIBS=''
LIBTOOL='$(SHELL) $(top_builddir)/libtool'
LIPO=''
LN_S='ln -s'
LTLIBOBJS=''
MAKEINFO='${SHELL} /home/workroom1/myxrdp/xrdp-0.9.12/librfxcodec/missing makeinfo'
MANIFEST_TOOL=':'
MKDIR_P='/usr/bin/mkdir -p'
NAFLAGS='-felf64 -DELF -D__x86_64__'
NASM='nasm'
NM='/usr/bin/nm -B'
NMEDIT=''
OBJDUMP='objdump'
OBJEXT='o'
OTOOL64=''
OTOOL=''
PACKAGE='rfxcodec'
PACKAGE_BUGREPORT='xrdp-devel@googlegroups.com'
PACKAGE_NAME='rfxcodec'
PACKAGE_STRING='rfxcodec 0.1.5'
PACKAGE_TARNAME='rfxcodec'
PACKAGE_URL=''
PACKAGE_VERSION='0.1.5'
PATH_SEPARATOR=':'
RANLIB='ranlib'
SED='/usr/bin/sed'
SET_MAKE=''
SHELL='/bin/sh'
STRIP='strip'
VERSION='0.1.5'
WITH_SIMD_AMD64_FALSE='#'
WITH_SIMD_AMD64_TRUE=''
WITH_SIMD_X86_FALSE=''
WITH_SIMD_X86_TRUE='#'
ac_ct_AR='ar'
ac_ct_CC='gcc'
ac_ct_DUMPBIN=''
am__EXEEXT_FALSE=''
am__EXEEXT_TRUE='#'
am__fastdepCC_FALSE='#'
am__fastdepCC_TRUE=''
am__include='include'
am__isrc=''
am__leading_dot='.'
am__nodep='_no'
am__quote=''
am__tar='$${TAR-tar} chof - "$$tardir"'
am__untar='$${TAR-tar} xf -'
bindir='${exec_prefix}/bin'
build='x86_64-unknown-linux-gnu'
build_alias=''
build_cpu='x86_64'
build_os='linux-gnu'
build_vendor='unknown'
datadir='${datarootdir}'
datarootdir='${prefix}/share'
docdir='${datarootdir}/doc/${PACKAGE_TARNAME}'
dvidir='${docdir}'
exec_prefix='${prefix}'
host='x86_64-unknown-linux-gnu'
host_alias=''
host_cpu='x86_64'
host_os='linux-gnu'
host_vendor='unknown'
htmldir='${docdir}'
includedir='${prefix}/include'
infodir='${datarootdir}/info'
install_sh='${SHELL} /home/workroom1/myxrdp/xrdp-0.9.12/librfxcodec/install-sh'
libdir='${exec_prefix}/lib'
libexecdir='${exec_prefix}/libexec'
localedir='${datarootdir}/locale'
localstatedir='${prefix}/var'
mandir='${datarootdir}/man'
mkdir_p='$(MKDIR_P)'
oldincludedir='/usr/include'
pdfdir='${docdir}'
pkgconfigdir='${libdir}/pkgconfig'
prefix='/usr/local'
program_transform_name='s,x,x,'
psdir='${docdir}'
sbindir='${exec_prefix}/sbin'
sharedstatedir='${prefix}/com'
sysconfdir='${prefix}/etc'
target_alias=''

## ----------- ##
## confdefs.h. ##
## ----------- ##

/* confdefs.h */
#define PACKAGE_NAME "rfxcodec"
#define PACKAGE_TARNAME "rfxcodec"
#define PACKAGE_VERSION "0.1.5"
#define PACKAGE_STRING "rfxcodec 0.1.5"
#define PACKAGE_BUGREPORT "xrdp-devel@googlegroups.com"
#define PACKAGE_URL ""
#define PACKAGE "rfxcodec"
#define VERSION "0.1.5"
#define STDC_HEADERS 1
#define HAVE_SYS_TYPES_H 1
#define HAVE_SYS_STAT_H 1
#define HAVE_STDLIB_H 1
#define HAVE_STRING_H 1
#define HAVE_MEMORY_H 1
#define HAVE_STRINGS_H 1
#define HAVE_INTTYPES_H 1
#define HAVE_STDINT_H 1
#define HAVE_UNISTD_H 1
#define HAVE_DLFCN_H 1
#define LT_OBJDIR ".libs/"
#define RFX_USE_ACCEL_AMD64 1

configure: exit 0
