This file contains any messages produced by compilers while
running configure, to aid debugging if configure makes a mistake.

It was created by xrdp configure 0.9.12, which was
generated by GNU Autoconf 2.69.  Invocation command line was

  $ ./configure --enable-neutrinordp

## --------- ##
## Platform. ##
## --------- ##

hostname = localhost.localdomain
uname -m = x86_64
uname -r = 3.10.0-1062.12.1.el7.x86_64
uname -s = Linux
uname -v = #1 SMP Tue Feb 4 23:02:59 UTC 2020

/usr/bin/uname -p = x86_64
/bin/uname -X     = unknown

/bin/arch              = x86_64
/usr/bin/arch -k       = unknown
/usr/convex/getsysinfo = unknown
/usr/bin/hostinfo      = unknown
/bin/machine           = unknown
/usr/bin/oslevel       = unknown
/bin/universe          = unknown

PATH: /usr/local/sbin
PATH: /usr/local/bin
PATH: /usr/sbin
PATH: /usr/bin
PATH: /root/bin


## ----------- ##
## Core tests. ##
## ----------- ##

configure:2426: checking for a BSD-compatible install
configure:2494: result: /usr/bin/install -c
configure:2505: checking whether build environment is sane
configure:2560: result: yes
configure:2711: checking for a thread-safe mkdir -p
configure:2750: result: /usr/bin/mkdir -p
configure:2757: checking for gawk
configure:2773: found /usr/bin/gawk
configure:2784: result: gawk
configure:2795: checking whether make sets $(MAKE)
configure:2817: result: yes
configure:2846: checking whether make supports nested variables
configure:2863: result: yes
configure:2996: checking for gcc
configure:3012: found /usr/bin/gcc
configure:3023: result: gcc
configure:3252: checking for C compiler version
configure:3261: gcc --version >&5
gcc (GCC) 4.8.5 20150623 (Red Hat 4.8.5-39)
Copyright (C) 2015 Free Software Foundation, Inc.
This is free software; see the source for copying conditions.  There is NO
warranty; not even for MERCHANTABILITY or FITNESS FOR A PARTICULAR PURPOSE.

configure:3272: $? = 0
configure:3261: gcc -v >&5
Using built-in specs.
COLLECT_GCC=gcc
COLLECT_LTO_WRAPPER=/usr/libexec/gcc/x86_64-redhat-linux/4.8.5/lto-wrapper
Target: x86_64-redhat-linux
Configured with: ../configure --prefix=/usr --mandir=/usr/share/man --infodir=/usr/share/info --with-bugurl=http://bugzilla.redhat.com/bugzilla --enable-bootstrap --enable-shared --enable-threads=posix --enable-checking=release --with-system-zlib --enable-__cxa_atexit --disable-libunwind-exceptions --enable-gnu-unique-object --enable-linker-build-id --with-linker-hash-style=gnu --enable-languages=c,c++,objc,obj-c++,java,fortran,ada,go,lto --enable-plugin --enable-initfini-array --disable-libgcj --with-isl=/builddir/build/BUILD/gcc-4.8.5-20150702/obj-x86_64-redhat-linux/isl-install --with-cloog=/builddir/build/BUILD/gcc-4.8.5-20150702/obj-x86_64-redhat-linux/cloog-install --enable-gnu-indirect-function --with-tune=generic --with-arch_32=x86-64 --build=x86_64-redhat-linux
Thread model: posix
gcc version 4.8.5 20150623 (Red Hat 4.8.5-39) (GCC) 
configure:3272: $? = 0
configure:3261: gcc -V >&5
gcc: error: unrecognized command line option '-V'
gcc: fatal error: no input files
compilation terminated.
configure:3272: $? = 4
configure:3261: gcc -qversion >&5
gcc: error: unrecognized command line option '-qversion'
gcc: fatal error: no input files
compilation terminated.
configure:3272: $? = 4
configure:3292: checking whether the C compiler works
configure:3314: gcc    conftest.c  >&5
configure:3318: $? = 0
configure:3366: result: yes
configure:3369: checking for C compiler default output file name
configure:3371: result: a.out
configure:3377: checking for suffix of executables
configure:3384: gcc -o conftest    conftest.c  >&5
configure:3388: $? = 0
configure:3410: result: 
configure:3432: checking whether we are cross compiling
configure:3440: gcc -o conftest    conftest.c  >&5
configure:3444: $? = 0
configure:3451: ./conftest
configure:3455: $? = 0
configure:3470: result: no
configure:3475: checking for suffix of object files
configure:3497: gcc -c   conftest.c >&5
configure:3501: $? = 0
configure:3522: result: o
configure:3526: checking whether we are using the GNU C compiler
configure:3545: gcc -c   conftest.c >&5
configure:3545: $? = 0
configure:3554: result: yes
configure:3563: checking whether gcc accepts -g
configure:3583: gcc -c -g  conftest.c >&5
configure:3583: $? = 0
configure:3624: result: yes
configure:3641: checking for gcc option to accept ISO C89
configure:3704: gcc  -c -g -O2  conftest.c >&5
configure:3704: $? = 0
configure:3717: result: none needed
configure:3748: checking for style of include used by make
configure:3776: result: GNU
configure:3802: checking dependency style of gcc
configure:3913: result: gcc3
configure:3929: checking for an ANSI C-conforming const
configure:3995: gcc -c -g -O2  conftest.c >&5
configure:3995: $? = 0
configure:4002: result: yes
configure:4039: checking build system type
configure:4053: result: x86_64-unknown-linux-gnu
configure:4073: checking host system type
configure:4086: result: x86_64-unknown-linux-gnu
configure:4127: checking how to print strings
configure:4154: result: printf
configure:4175: checking for a sed that does not truncate output
configure:4239: result: /usr/bin/sed
configure:4257: checking for grep that handles long lines and -e
configure:4315: result: /usr/bin/grep
configure:4320: checking for egrep
configure:4382: result: /usr/bin/grep -E
configure:4387: checking for fgrep
configure:4449: result: /usr/bin/grep -F
configure:4484: checking for ld used by gcc
configure:4551: result: /usr/bin/ld
configure:4558: checking if the linker (/usr/bin/ld) is GNU ld
configure:4573: result: yes
configure:4585: checking for BSD- or MS-compatible name lister (nm)
configure:4634: result: /usr/bin/nm -B
configure:4764: checking the name lister (/usr/bin/nm -B) interface
configure:4771: gcc -c -g -O2  conftest.c >&5
configure:4774: /usr/bin/nm -B "conftest.o"
configure:4777: output
0000000000000000 B some_variable
configure:4784: result: BSD nm
configure:4787: checking whether ln -s works
configure:4791: result: yes
configure:4799: checking the maximum length of command line arguments
configure:4929: result: 1572864
configure:4946: checking whether the shell understands some XSI constructs
configure:4956: result: yes
configure:4960: checking whether the shell understands "+="
configure:4966: result: yes
configure:5001: checking how to convert x86_64-unknown-linux-gnu file names to x86_64-unknown-linux-gnu format
configure:5041: result: func_convert_file_noop
configure:5048: checking how to convert x86_64-unknown-linux-gnu file names to toolchain format
configure:5068: result: func_convert_file_noop
configure:5075: checking for /usr/bin/ld option to reload object files
configure:5082: result: -r
configure:5156: checking for objdump
configure:5172: found /usr/bin/objdump
configure:5183: result: objdump
configure:5215: checking how to recognize dependent libraries
configure:5417: result: pass_all
configure:5502: checking for dlltool
configure:5532: result: no
configure:5562: checking how to associate runtime and link libraries
configure:5589: result: printf %s\n
configure:5649: checking for ar
configure:5665: found /usr/bin/ar
configure:5676: result: ar
configure:5713: checking for archiver @FILE support
configure:5730: gcc -c -g -O2  conftest.c >&5
configure:5730: $? = 0
configure:5733: ar cru libconftest.a @conftest.lst >&5
configure:5736: $? = 0
configure:5741: ar cru libconftest.a @conftest.lst >&5
ar: conftest.o: No such file or directory
configure:5744: $? = 1
configure:5756: result: @
configure:5814: checking for strip
configure:5830: found /usr/bin/strip
configure:5841: result: strip
configure:5913: checking for ranlib
configure:5929: found /usr/bin/ranlib
configure:5940: result: ranlib
configure:6042: checking command to parse /usr/bin/nm -B output from gcc object
configure:6162: gcc -c -g -O2  conftest.c >&5
configure:6165: $? = 0
configure:6169: /usr/bin/nm -B conftest.o \| sed -n -e 's/^.*[ ]\([ABCDGIRSTW][ABCDGIRSTW]*\)[ ][ ]*\([_A-Za-z][_A-Za-z0-9]*\)$/\1 \2 \2/p' | sed '/ __gnu_lto/d' \> conftest.nm
configure:6172: $? = 0
configure:6238: gcc -o conftest -g -O2   conftest.c conftstm.o >&5
configure:6241: $? = 0
configure:6279: result: ok
configure:6316: checking for sysroot
configure:6346: result: no
configure:6423: gcc -c -g -O2  conftest.c >&5
configure:6426: $? = 0
configure:6602: checking for mt
configure:6632: result: no
configure:6652: checking if : is a manifest tool
configure:6658: : '-?'
configure:6666: result: no
configure:7308: checking how to run the C preprocessor
configure:7339: gcc -E  conftest.c
configure:7339: $? = 0
configure:7353: gcc -E  conftest.c
conftest.c:11:28: fatal error: ac_nonexistent.h: No such file or directory
 #include <ac_nonexistent.h>
                            ^
compilation terminated.
configure:7353: $? = 1
configure: failed program was:
| /* confdefs.h */
| #define PACKAGE_NAME "xrdp"
| #define PACKAGE_TARNAME "xrdp"
| #define PACKAGE_VERSION "0.9.12"
| #define PACKAGE_STRING "xrdp 0.9.12"
| #define PACKAGE_BUGREPORT "xrdp-devel@googlegroups.com"
| #define PACKAGE_URL ""
| #define PACKAGE "xrdp"
| #define VERSION "0.9.12"
| /* end confdefs.h.  */
| #include <ac_nonexistent.h>
configure:7378: result: gcc -E
configure:7398: gcc -E  conftest.c
configure:7398: $? = 0
configure:7412: gcc -E  conftest.c
conftest.c:11:28: fatal error: ac_nonexistent.h: No such file or directory
 #include <ac_nonexistent.h>
                            ^
compilation terminated.
configure:7412: $? = 1
configure: failed program was:
| /* confdefs.h */
| #define PACKAGE_NAME "xrdp"
| #define PACKAGE_TARNAME "xrdp"
| #define PACKAGE_VERSION "0.9.12"
| #define PACKAGE_STRING "xrdp 0.9.12"
| #define PACKAGE_BUGREPORT "xrdp-devel@googlegroups.com"
| #define PACKAGE_URL ""
| #define PACKAGE "xrdp"
| #define VERSION "0.9.12"
| /* end confdefs.h.  */
| #include <ac_nonexistent.h>
configure:7441: checking for ANSI C header files
configure:7461: gcc -c -g -O2  conftest.c >&5
configure:7461: $? = 0
configure:7534: gcc -o conftest -g -O2   conftest.c  >&5
configure:7534: $? = 0
configure:7534: ./conftest
configure:7534: $? = 0
configure:7545: result: yes
configure:7558: checking for sys/types.h
configure:7558: gcc -c -g -O2  conftest.c >&5
configure:7558: $? = 0
configure:7558: result: yes
configure:7558: checking for sys/stat.h
configure:7558: gcc -c -g -O2  conftest.c >&5
configure:7558: $? = 0
configure:7558: result: yes
configure:7558: checking for stdlib.h
configure:7558: gcc -c -g -O2  conftest.c >&5
configure:7558: $? = 0
configure:7558: result: yes
configure:7558: checking for string.h
configure:7558: gcc -c -g -O2  conftest.c >&5
configure:7558: $? = 0
configure:7558: result: yes
configure:7558: checking for memory.h
configure:7558: gcc -c -g -O2  conftest.c >&5
configure:7558: $? = 0
configure:7558: result: yes
configure:7558: checking for strings.h
configure:7558: gcc -c -g -O2  conftest.c >&5
configure:7558: $? = 0
configure:7558: result: yes
configure:7558: checking for inttypes.h
configure:7558: gcc -c -g -O2  conftest.c >&5
configure:7558: $? = 0
configure:7558: result: yes
configure:7558: checking for stdint.h
configure:7558: gcc -c -g -O2  conftest.c >&5
configure:7558: $? = 0
configure:7558: result: yes
configure:7558: checking for unistd.h
configure:7558: gcc -c -g -O2  conftest.c >&5
configure:7558: $? = 0
configure:7558: result: yes
configure:7572: checking for dlfcn.h
configure:7572: gcc -c -g -O2  conftest.c >&5
configure:7572: $? = 0
configure:7572: result: yes
configure:7778: checking for objdir
configure:7793: result: .libs
configure:8060: checking if gcc supports -fno-rtti -fno-exceptions
configure:8078: gcc -c -g -O2  -fno-rtti -fno-exceptions conftest.c >&5
cc1: warning: command line option '-fno-rtti' is valid for C++/ObjC++ but not for C [enabled by default]
configure:8082: $? = 0
configure:8095: result: no
configure:8422: checking for gcc option to produce PIC
configure:8429: result: -fPIC -DPIC
configure:8437: checking if gcc PIC flag -fPIC -DPIC works
configure:8455: gcc -c -g -O2  -fPIC -DPIC -DPIC conftest.c >&5
configure:8459: $? = 0
configure:8472: result: yes
configure:8501: checking if gcc static flag -static works
configure:8529: result: no
configure:8544: checking if gcc supports -c -o file.o
configure:8565: gcc -c -g -O2  -o out/conftest2.o conftest.c >&5
configure:8569: $? = 0
configure:8591: result: yes
configure:8599: checking if gcc supports -c -o file.o
configure:8646: result: yes
configure:8679: checking whether the gcc linker (/usr/bin/ld -m elf_x86_64) supports shared libraries
configure:9832: result: yes
configure:9869: checking whether -lc should be explicitly linked in
configure:9877: gcc -c -g -O2  conftest.c >&5
configure:9880: $? = 0
configure:9895: gcc -shared  -fPIC -DPIC conftest.o  -v -Wl,-soname -Wl,conftest -o conftest 2\>\&1 \| /usr/bin/grep  -lc  \>/dev/null 2\>\&1
configure:9898: $? = 0
configure:9912: result: no
configure:10072: checking dynamic linker characteristics
configure:10583: gcc -o conftest -g -O2   -Wl,-rpath -Wl,/foo conftest.c  >&5
configure:10583: $? = 0
configure:10809: result: GNU/Linux ld.so
configure:10916: checking how to hardcode library paths into programs
configure:10941: result: immediate
configure:11481: checking whether stripping libraries is possible
configure:11486: result: yes
configure:11521: checking if libtool supports shared libraries
configure:11523: result: yes
configure:11526: checking whether to build shared libraries
configure:11547: result: yes
configure:11550: checking whether to build static libraries
configure:11554: result: yes
configure:11646: checking for pkg-config
configure:11664: found /usr/bin/pkg-config
configure:11676: result: /usr/bin/pkg-config
configure:11701: checking pkg-config is at least version 0.9.0
configure:11704: result: yes
configure:11733: checking whether make supports nested variables
configure:11750: result: yes
configure:11768: checking CFLAGS for maximum warnings
configure:11788: gcc -c -g -O2 -warn all  -warn all  conftest.c >&5
gcc: error: all: No such file or directory
gcc: error: all: No such file or directory
gcc: error: unrecognized command line option '-warn'
gcc: error: unrecognized command line option '-warn'
configure:11788: $? = 1
configure: failed program was:
| /* confdefs.h */
| #define PACKAGE_NAME "xrdp"
| #define PACKAGE_TARNAME "xrdp"
| #define PACKAGE_VERSION "0.9.12"
| #define PACKAGE_STRING "xrdp 0.9.12"
| #define PACKAGE_BUGREPORT "xrdp-devel@googlegroups.com"
| #define PACKAGE_URL ""
| #define PACKAGE "xrdp"
| #define VERSION "0.9.12"
| #define STDC_HEADERS 1
| #define HAVE_SYS_TYPES_H 1
| #define HAVE_SYS_STAT_H 1
| #define HAVE_STDLIB_H 1
| #define HAVE_STRING_H 1
| #define HAVE_MEMORY_H 1
| #define HAVE_STRINGS_H 1
| #define HAVE_INTTYPES_H 1
| #define HAVE_STDINT_H 1
| #define HAVE_UNISTD_H 1
| #define HAVE_DLFCN_H 1
| #define LT_OBJDIR ".libs/"
| /* end confdefs.h.  */
| 
| int
| main ()
| {
| 
|   ;
|   return 0;
| }
configure:11788: gcc -c -g -O2 -pedantic  -Wall  conftest.c >&5
configure:11788: $? = 0
configure:11796: result: -Wall
configure:11816: : CFLAGS="$CFLAGS"
configure:11819: $? = 0
configure:11850: checking whether C compiler accepts -Wwrite-strings
configure:11869: gcc -c -g -O2 -Wall  -Wwrite-strings  conftest.c >&5
configure:11869: $? = 0
configure:11878: result: yes
configure:11894: : CFLAGS="$CFLAGS"
configure:11897: $? = 0
configure:11922: checking for __attribute__((format))
configure:11943: gcc -o conftest -g -O2 -Wall -Wwrite-strings   conftest.c  >&5
configure:11943: $? = 0
configure:11956: result: yes
configure:11969: checking for socklen_t
configure:11987: gcc -c -g -O2 -Wall -Wwrite-strings  conftest.c >&5
configure:11987: $? = 0
configure:11995: result: yes
configure:12397: checking for dlopen
configure:12397: gcc -o conftest -g -O2 -Wall -Wwrite-strings   conftest.c  >&5
/tmp/cct6pZ7Q.o: In function `main':
/home/workroom1/myxrdp/xrdp-0.9.12/conftest.c:58: undefined reference to `dlopen'
collect2: error: ld returned 1 exit status
configure:12397: $? = 1
configure: failed program was:
| /* confdefs.h */
| #define PACKAGE_NAME "xrdp"
| #define PACKAGE_TARNAME "xrdp"
| #define PACKAGE_VERSION "0.9.12"
| #define PACKAGE_STRING "xrdp 0.9.12"
| #define PACKAGE_BUGREPORT "xrdp-devel@googlegroups.com"
| #define PACKAGE_URL ""
| #define PACKAGE "xrdp"
| #define VERSION "0.9.12"
| #define STDC_HEADERS 1
| #define HAVE_SYS_TYPES_H 1
| #define HAVE_SYS_STAT_H 1
| #define HAVE_STDLIB_H 1
| #define HAVE_STRING_H 1
| #define HAVE_MEMORY_H 1
| #define HAVE_STRINGS_H 1
| #define HAVE_INTTYPES_H 1
| #define HAVE_STDINT_H 1
| #define HAVE_UNISTD_H 1
| #define HAVE_DLFCN_H 1
| #define LT_OBJDIR ".libs/"
| #define HAVE_FUNC_ATTRIBUTE_FORMAT 1
| /* end confdefs.h.  */
| /* Define dlopen to an innocuous variant, in case <limits.h> declares dlopen.
|    For example, HP-UX 11i <limits.h> declares gettimeofday.  */
| #define dlopen innocuous_dlopen
| 
| /* System header to define __stub macros and hopefully few prototypes,
|     which can conflict with char dlopen (); below.
|     Prefer <limits.h> to <assert.h> if __STDC__ is defined, since
|     <limits.h> exists even on freestanding compilers.  */
| 
| #ifdef __STDC__
| # include <limits.h>
| #else
| # include <assert.h>
| #endif
| 
| #undef dlopen
| 
| /* Override any GCC internal prototype to avoid an error.
|    Use char because int might match the return type of a GCC
|    builtin and then its argument prototype would still apply.  */
| #ifdef __cplusplus
| extern "C"
| #endif
| char dlopen ();
| /* The GNU C library defines this for functions which it implements
|     to always fail with ENOSYS.  Some functions are actually named
|     something starting with __ and the normal name is an alias.  */
| #if defined __stub_dlopen || defined __stub___dlopen
| choke me
| #endif
| 
| int
| main ()
| {
| return dlopen ();
|   ;
|   return 0;
| }
configure:12397: result: no
configure:12401: checking for dlopen in -ldl
configure:12426: gcc -o conftest -g -O2 -Wall -Wwrite-strings   conftest.c -ldl   >&5
configure:12426: $? = 0
configure:12435: result: yes
configure:12448: checking for OPENSSL
configure:12455: $PKG_CONFIG --exists --print-errors "openssl >= 0.9.8"
configure:12458: $? = 0
configure:12472: $PKG_CONFIG --exists --print-errors "openssl >= 0.9.8"
configure:12475: $? = 0
configure:12513: result: yes
configure:12524: checking for openssl
configure:12543: found /usr/bin/openssl
configure:12555: result: /usr/bin/openssl
configure:12572: checking security/_pam_types.h usability
configure:12572: gcc -c -g -O2 -Wall -Wwrite-strings  conftest.c >&5
configure:12572: $? = 0
configure:12572: result: yes
configure:12572: checking security/_pam_types.h presence
configure:12572: gcc -E  conftest.c
configure:12572: $? = 0
configure:12572: result: yes
configure:12572: checking for security/_pam_types.h
configure:12572: result: yes
configure:12580: checking security/pam_constants.h usability
configure:12580: gcc -c -g -O2 -Wall -Wwrite-strings  conftest.c >&5
conftest.c:58:36: fatal error: security/pam_constants.h: No such file or directory
 #include <security/pam_constants.h>
                                    ^
compilation terminated.
configure:12580: $? = 1
configure: failed program was:
| /* confdefs.h */
| #define PACKAGE_NAME "xrdp"
| #define PACKAGE_TARNAME "xrdp"
| #define PACKAGE_VERSION "0.9.12"
| #define PACKAGE_STRING "xrdp 0.9.12"
| #define PACKAGE_BUGREPORT "xrdp-devel@googlegroups.com"
| #define PACKAGE_URL ""
| #define PACKAGE "xrdp"
| #define VERSION "0.9.12"
| #define STDC_HEADERS 1
| #define HAVE_SYS_TYPES_H 1
| #define HAVE_SYS_STAT_H 1
| #define HAVE_STDLIB_H 1
| #define HAVE_STRING_H 1
| #define HAVE_MEMORY_H 1
| #define HAVE_STRINGS_H 1
| #define HAVE_INTTYPES_H 1
| #define HAVE_STDINT_H 1
| #define HAVE_UNISTD_H 1
| #define HAVE_DLFCN_H 1
| #define LT_OBJDIR ".libs/"
| #define HAVE_FUNC_ATTRIBUTE_FORMAT 1
| #define HAVE__PAM_TYPES_H 1
| /* end confdefs.h.  */
| #include <stdio.h>
| #ifdef HAVE_SYS_TYPES_H
| # include <sys/types.h>
| #endif
| #ifdef HAVE_SYS_STAT_H
| # include <sys/stat.h>
| #endif
| #ifdef STDC_HEADERS
| # include <stdlib.h>
| # include <stddef.h>
| #else
| # ifdef HAVE_STDLIB_H
| #  include <stdlib.h>
| # endif
| #endif
| #ifdef HAVE_STRING_H
| # if !defined STDC_HEADERS && defined HAVE_MEMORY_H
| #  include <memory.h>
| # endif
| # include <string.h>
| #endif
| #ifdef HAVE_STRINGS_H
| # include <strings.h>
| #endif
| #ifdef HAVE_INTTYPES_H
| # include <inttypes.h>
| #endif
| #ifdef HAVE_STDINT_H
| # include <stdint.h>
| #endif
| #ifdef HAVE_UNISTD_H
| # include <unistd.h>
| #endif
| #include <security/pam_constants.h>
configure:12580: result: no
configure:12580: checking security/pam_constants.h presence
configure:12580: gcc -E  conftest.c
conftest.c:25:36: fatal error: security/pam_constants.h: No such file or directory
 #include <security/pam_constants.h>
                                    ^
compilation terminated.
configure:12580: $? = 1
configure: failed program was:
| /* confdefs.h */
| #define PACKAGE_NAME "xrdp"
| #define PACKAGE_TARNAME "xrdp"
| #define PACKAGE_VERSION "0.9.12"
| #define PACKAGE_STRING "xrdp 0.9.12"
| #define PACKAGE_BUGREPORT "xrdp-devel@googlegroups.com"
| #define PACKAGE_URL ""
| #define PACKAGE "xrdp"
| #define VERSION "0.9.12"
| #define STDC_HEADERS 1
| #define HAVE_SYS_TYPES_H 1
| #define HAVE_SYS_STAT_H 1
| #define HAVE_STDLIB_H 1
| #define HAVE_STRING_H 1
| #define HAVE_MEMORY_H 1
| #define HAVE_STRINGS_H 1
| #define HAVE_INTTYPES_H 1
| #define HAVE_STDINT_H 1
| #define HAVE_UNISTD_H 1
| #define HAVE_DLFCN_H 1
| #define LT_OBJDIR ".libs/"
| #define HAVE_FUNC_ATTRIBUTE_FORMAT 1
| #define HAVE__PAM_TYPES_H 1
| /* end confdefs.h.  */
| #include <security/pam_constants.h>
configure:12580: result: no
configure:12580: checking for security/pam_constants.h
configure:12580: result: no
configure:12596: checking security/pam_appl.h usability
configure:12596: gcc -c -g -O2 -Wall -Wwrite-strings  conftest.c >&5
configure:12596: $? = 0
configure:12596: result: yes
configure:12596: checking security/pam_appl.h presence
configure:12596: gcc -E  conftest.c
configure:12596: $? = 0
configure:12596: result: yes
configure:12596: checking for security/pam_appl.h
configure:12596: result: yes
configure:12666: checking for FREERDP
configure:12673: $PKG_CONFIG --exists --print-errors "freerdp >= 1.0.0"
configure:12676: $? = 0
configure:12690: $PKG_CONFIG --exists --print-errors "freerdp >= 1.0.0"
configure:12693: $? = 0
configure:12751: result: yes
configure:13098: checking for X
configure:13206: gcc -E  conftest.c
configure:13206: $? = 0
configure:13237: gcc -o conftest -g -O2 -Wall -Wwrite-strings   conftest.c -lX11  >&5
configure:13237: $? = 0
configure:13287: result: libraries , headers 
configure:13386: gcc -o conftest -g -O2 -Wall -Wwrite-strings   conftest.c   -lX11 >&5
configure:13386: $? = 0
configure:13484: checking for gethostbyname
configure:13484: gcc -o conftest -g -O2 -Wall -Wwrite-strings   conftest.c  >&5
configure:13484: $? = 0
configure:13484: result: yes
configure:13581: checking for connect
configure:13581: gcc -o conftest -g -O2 -Wall -Wwrite-strings   conftest.c  >&5
configure:13581: $? = 0
configure:13581: result: yes
configure:13630: checking for remove
configure:13630: gcc -o conftest -g -O2 -Wall -Wwrite-strings   conftest.c  >&5
configure:13630: $? = 0
configure:13630: result: yes
configure:13679: checking for shmat
configure:13679: gcc -o conftest -g -O2 -Wall -Wwrite-strings   conftest.c  >&5
configure:13679: $? = 0
configure:13679: result: yes
configure:13737: checking for IceConnectionNumber in -lICE
configure:13762: gcc -o conftest -g -O2 -Wall -Wwrite-strings   conftest.c -lICE   >&5
/usr/bin/ld: cannot find -lICE
collect2: error: ld returned 1 exit status
configure:13762: $? = 1
configure: failed program was:
| /* confdefs.h */
| #define PACKAGE_NAME "xrdp"
| #define PACKAGE_TARNAME "xrdp"
| #define PACKAGE_VERSION "0.9.12"
| #define PACKAGE_STRING "xrdp 0.9.12"
| #define PACKAGE_BUGREPORT "xrdp-devel@googlegroups.com"
| #define PACKAGE_URL ""
| #define PACKAGE "xrdp"
| #define VERSION "0.9.12"
| #define STDC_HEADERS 1
| #define HAVE_SYS_TYPES_H 1
| #define HAVE_SYS_STAT_H 1
| #define HAVE_STDLIB_H 1
| #define HAVE_STRING_H 1
| #define HAVE_MEMORY_H 1
| #define HAVE_STRINGS_H 1
| #define HAVE_INTTYPES_H 1
| #define HAVE_STDINT_H 1
| #define HAVE_UNISTD_H 1
| #define HAVE_DLFCN_H 1
| #define LT_OBJDIR ".libs/"
| #define HAVE_FUNC_ATTRIBUTE_FORMAT 1
| #define HAVE__PAM_TYPES_H 1
| /* end confdefs.h.  */
| 
| /* Override any GCC internal prototype to avoid an error.
|    Use char because int might match the return type of a GCC
|    builtin and then its argument prototype would still apply.  */
| #ifdef __cplusplus
| extern "C"
| #endif
| char IceConnectionNumber ();
| int
| main ()
| {
| return IceConnectionNumber ();
|   ;
|   return 0;
| }
configure:13771: result: no
configure:13789: checking for X11/extensions/Xfixes.h
configure:13789: gcc -c -g -O2 -Wall -Wwrite-strings   conftest.c >&5
configure:13789: $? = 0
configure:13789: result: yes
configure:13800: checking for X11/extensions/Xrandr.h
configure:13800: gcc -c -g -O2 -Wall -Wwrite-strings   conftest.c >&5
configure:13800: $? = 0
configure:13800: result: yes
configure:13846: checking sys/prctl.h usability
configure:13846: gcc -c -g -O2 -Wall -Wwrite-strings  conftest.c >&5
configure:13846: $? = 0
configure:13846: result: yes
configure:13846: checking sys/prctl.h presence
configure:13846: gcc -E  conftest.c
configure:13846: $? = 0
configure:13846: result: yes
configure:13846: checking for sys/prctl.h
configure:13846: result: yes
configure:13969: checking that generated files are newer than configure
configure:13975: result: done
configure:14090: creating ./config.status

## ---------------------- ##
## Running config.status. ##
## ---------------------- ##

This file was extended by xrdp config.status 0.9.12, which was
generated by GNU Autoconf 2.69.  Invocation command line was

  CONFIG_FILES    = 
  CONFIG_HEADERS  = 
  CONFIG_LINKS    = 
  CONFIG_COMMANDS = 
  $ ./config.status 

on localhost.localdomain

config.status:1183: creating common/Makefile
config.status:1183: creating docs/Makefile
config.status:1183: creating docs/man/Makefile
config.status:1183: creating genkeymap/Makefile
config.status:1183: creating instfiles/default/Makefile
config.status:1183: creating instfiles/init.d/Makefile
config.status:1183: creating instfiles/Makefile
config.status:1183: creating instfiles/pam.d/Makefile
config.status:1183: creating instfiles/pulse/Makefile
config.status:1183: creating instfiles/rc.d/Makefile
config.status:1183: creating keygen/Makefile
config.status:1183: creating libxrdp/Makefile
config.status:1183: creating Makefile
config.status:1183: creating mc/Makefile
config.status:1183: creating neutrinordp/Makefile
config.status:1183: creating pkgconfig/Makefile
config.status:1183: creating pkgconfig/xrdp.pc
config.status:1183: creating pkgconfig/xrdp-uninstalled.pc
config.status:1183: creating sesman/chansrv/Makefile
config.status:1183: creating sesman/libscp/Makefile
config.status:1183: creating sesman/Makefile
config.status:1183: creating sesman/tools/Makefile
config.status:1183: creating vnc/Makefile
config.status:1183: creating xrdpapi/Makefile
config.status:1183: creating xrdp/Makefile
config.status:1183: creating xrdpvr/Makefile
config.status:1183: creating xup/Makefile
config.status:1183: creating config_ac.h
config.status:1364: config_ac.h is unchanged
config.status:1412: executing depfiles commands
config.status:1412: executing libtool commands
configure:16406: === configuring in libpainter (/home/workroom1/myxrdp/xrdp-0.9.12/libpainter)
configure:16469: running /bin/sh ./configure --disable-option-checking '--prefix=/usr/local'  '--enable-neutrinordp' 'PKG_CONFIG_PATH=/usr/local/lib/pkgconfig' --cache-file=/dev/null --srcdir=.
configure:16406: === configuring in librfxcodec (/home/workroom1/myxrdp/xrdp-0.9.12/librfxcodec)
configure:16469: running /bin/sh ./configure --disable-option-checking '--prefix=/usr/local'  '--enable-neutrinordp' 'PKG_CONFIG_PATH=/usr/local/lib/pkgconfig' --cache-file=/dev/null --srcdir=.

## ---------------- ##
## Cache variables. ##
## ---------------- ##

ac_cv_ax_type_socklen_t=yes
ac_cv_build=x86_64-unknown-linux-gnu
ac_cv_c_compiler_gnu=yes
ac_cv_c_const=yes
ac_cv_cflags_warn_all=-Wall
ac_cv_env_CC_set=
ac_cv_env_CC_value=
ac_cv_env_CFLAGS_set=
ac_cv_env_CFLAGS_value=
ac_cv_env_CPPFLAGS_set=
ac_cv_env_CPPFLAGS_value=
ac_cv_env_CPP_set=
ac_cv_env_CPP_value=
ac_cv_env_FDKAAC_CFLAGS_set=
ac_cv_env_FDKAAC_CFLAGS_value=
ac_cv_env_FDKAAC_LIBS_set=
ac_cv_env_FDKAAC_LIBS_value=
ac_cv_env_FREERDP_CFLAGS_set=
ac_cv_env_FREERDP_CFLAGS_value=
ac_cv_env_FREERDP_LIBS_set=
ac_cv_env_FREERDP_LIBS_value=
ac_cv_env_FUSE_CFLAGS_set=
ac_cv_env_FUSE_CFLAGS_value=
ac_cv_env_FUSE_LIBS_set=
ac_cv_env_FUSE_LIBS_value=
ac_cv_env_LDFLAGS_set=
ac_cv_env_LDFLAGS_value=
ac_cv_env_LIBS_set=
ac_cv_env_LIBS_value=
ac_cv_env_OPENSSL_CFLAGS_set=
ac_cv_env_OPENSSL_CFLAGS_value=
ac_cv_env_OPENSSL_LIBS_set=
ac_cv_env_OPENSSL_LIBS_value=
ac_cv_env_PIXMAN_CFLAGS_set=
ac_cv_env_PIXMAN_CFLAGS_value=
ac_cv_env_PIXMAN_LIBS_set=
ac_cv_env_PIXMAN_LIBS_value=
ac_cv_env_PKG_CONFIG_LIBDIR_set=
ac_cv_env_PKG_CONFIG_LIBDIR_value=
ac_cv_env_PKG_CONFIG_PATH_set=set
ac_cv_env_PKG_CONFIG_PATH_value=/usr/local/lib/pkgconfig
ac_cv_env_PKG_CONFIG_set=
ac_cv_env_PKG_CONFIG_value=
ac_cv_env_XMKMF_set=
ac_cv_env_XMKMF_value=
ac_cv_env_build_alias_set=
ac_cv_env_build_alias_value=
ac_cv_env_host_alias_set=
ac_cv_env_host_alias_value=
ac_cv_env_target_alias_set=
ac_cv_env_target_alias_value=
ac_cv_func_connect=yes
ac_cv_func_dlopen=no
ac_cv_func_gethostbyname=yes
ac_cv_func_remove=yes
ac_cv_func_shmat=yes
ac_cv_have_x='have_x=yes	ac_x_includes='\'''\''	ac_x_libraries='\'''\'''
ac_cv_header_X11_extensions_Xfixes_h=yes
ac_cv_header_X11_extensions_Xrandr_h=yes
ac_cv_header_dlfcn_h=yes
ac_cv_header_inttypes_h=yes
ac_cv_header_memory_h=yes
ac_cv_header_security__pam_types_h=yes
ac_cv_header_security_pam_appl_h=yes
ac_cv_header_security_pam_constants_h=no
ac_cv_header_stdc=yes
ac_cv_header_stdint_h=yes
ac_cv_header_stdlib_h=yes
ac_cv_header_string_h=yes
ac_cv_header_strings_h=yes
ac_cv_header_sys_prctl_h=yes
ac_cv_header_sys_stat_h=yes
ac_cv_header_sys_types_h=yes
ac_cv_header_unistd_h=yes
ac_cv_host=x86_64-unknown-linux-gnu
ac_cv_lib_ICE_IceConnectionNumber=no
ac_cv_lib_dl_dlopen=yes
ac_cv_objext=o
ac_cv_path_EGREP='/usr/bin/grep -E'
ac_cv_path_FGREP='/usr/bin/grep -F'
ac_cv_path_GREP=/usr/bin/grep
ac_cv_path_OPENSSL=/usr/bin/openssl
ac_cv_path_SED=/usr/bin/sed
ac_cv_path_ac_pt_PKG_CONFIG=/usr/bin/pkg-config
ac_cv_path_install='/usr/bin/install -c'
ac_cv_path_mkdir=/usr/bin/mkdir
ac_cv_prog_AWK=gawk
ac_cv_prog_CPP='gcc -E'
ac_cv_prog_ac_ct_AR=ar
ac_cv_prog_ac_ct_CC=gcc
ac_cv_prog_ac_ct_OBJDUMP=objdump
ac_cv_prog_ac_ct_RANLIB=ranlib
ac_cv_prog_ac_ct_STRIP=strip
ac_cv_prog_cc_c89=
ac_cv_prog_cc_g=yes
ac_cv_prog_make_make_set=yes
am_cv_CC_dependencies_compiler_type=gcc3
am_cv_make_support_nested_variables=yes
ax_cv_check_cflags___Wwrite_strings=yes
ax_cv_have_func_attribute_format=yes
lt_cv_ar_at_file=@
lt_cv_archive_cmds_need_lc=no
lt_cv_deplibs_check_method=pass_all
lt_cv_file_magic_cmd='$MAGIC_CMD'
lt_cv_file_magic_test_file=
lt_cv_ld_reload_flag=-r
lt_cv_nm_interface='BSD nm'
lt_cv_objdir=.libs
lt_cv_path_LD=/usr/bin/ld
lt_cv_path_NM='/usr/bin/nm -B'
lt_cv_path_mainfest_tool=no
lt_cv_prog_compiler_c_o=yes
lt_cv_prog_compiler_pic='-fPIC -DPIC'
lt_cv_prog_compiler_pic_works=yes
lt_cv_prog_compiler_rtti_exceptions=no
lt_cv_prog_compiler_static_works=no
lt_cv_prog_gnu_ld=yes
lt_cv_sharedlib_from_linklib_cmd='printf %s\n'
lt_cv_shlibpath_overrides_runpath=no
lt_cv_sys_global_symbol_pipe='sed -n -e '\''s/^.*[	 ]\([ABCDGIRSTW][ABCDGIRSTW]*\)[	 ][	 ]*\([_A-Za-z][_A-Za-z0-9]*\)$/\1 \2 \2/p'\'' | sed '\''/ __gnu_lto/d'\'''
lt_cv_sys_global_symbol_to_c_name_address='sed -n -e '\''s/^: \([^ ]*\)[ ]*$/  {\"\1\", (void *) 0},/p'\'' -e '\''s/^[ABCDGIRSTW]* \([^ ]*\) \([^ ]*\)$/  {"\2", (void *) \&\2},/p'\'''
lt_cv_sys_global_symbol_to_c_name_address_lib_prefix='sed -n -e '\''s/^: \([^ ]*\)[ ]*$/  {\"\1\", (void *) 0},/p'\'' -e '\''s/^[ABCDGIRSTW]* \([^ ]*\) \(lib[^ ]*\)$/  {"\2", (void *) \&\2},/p'\'' -e '\''s/^[ABCDGIRSTW]* \([^ ]*\) \([^ ]*\)$/  {"lib\2", (void *) \&\2},/p'\'''
lt_cv_sys_global_symbol_to_cdecl='sed -n -e '\''s/^T .* \(.*\)$/extern int \1();/p'\'' -e '\''s/^[ABCDGIRSTW]* .* \(.*\)$/extern char \1;/p'\'''
lt_cv_sys_max_cmd_len=1572864
lt_cv_to_host_file_cmd=func_convert_file_noop
lt_cv_to_tool_file_cmd=func_convert_file_noop
pkg_cv_FREERDP_CFLAGS='-I/usr/local/include  '
pkg_cv_FREERDP_LIBS='-L/usr/local/lib -lfreerdp-core -lfreerdp-codec -lfreerdp-gdi -lfreerdp-kbd -lfreerdp-rail -lfreerdp-channels -lfreerdp-utils  '
pkg_cv_OPENSSL_CFLAGS=' '
pkg_cv_OPENSSL_LIBS='-lssl -lcrypto  '

## ----------------- ##
## Output variables. ##
## ----------------- ##

ACLOCAL='${SHELL} /home/workroom1/myxrdp/xrdp-0.9.12/missing aclocal-1.13'
AMDEPBACKSLASH='\'
AMDEP_FALSE='#'
AMDEP_TRUE=''
AMTAR='$${TAR-tar}'
AM_BACKSLASH='\'
AM_DEFAULT_V='$(AM_DEFAULT_VERBOSITY)'
AM_DEFAULT_VERBOSITY='0'
AM_V='$(V)'
AR='ar'
AUTOCONF='${SHELL} /home/workroom1/myxrdp/xrdp-0.9.12/missing autoconf'
AUTOHEADER='${SHELL} /home/workroom1/myxrdp/xrdp-0.9.12/missing autoheader'
AUTOMAKE='${SHELL} /home/workroom1/myxrdp/xrdp-0.9.12/missing automake-1.13'
AWK='gawk'
CC='gcc'
CCDEPMODE='depmode=gcc3'
CFLAGS='-g -O2 -Wall -Wwrite-strings'
CPP='gcc -E'
CPPFLAGS=''
CYGPATH_W='echo'
DEFS='-DHAVE_CONFIG_H'
DEPDIR='.deps'
DLLTOOL='false'
DLOPEN_LIBS='-ldl'
DSYMUTIL=''
DUMPBIN=''
ECHO_C=''
ECHO_N='-n'
ECHO_T=''
EGREP='/usr/bin/grep -E'
EXEEXT=''
FDKAAC_CFLAGS=''
FDKAAC_LIBS=''
FGREP='/usr/bin/grep -F'
FREEBSD_FALSE=''
FREEBSD_TRUE='#'
FREERDP_CFLAGS='-I/usr/local/include  '
FREERDP_LIBS='-L/usr/local/lib -lfreerdp-core -lfreerdp-codec -lfreerdp-gdi -lfreerdp-kbd -lfreerdp-rail -lfreerdp-channels -lfreerdp-utils  '
FUSE_CFLAGS=''
FUSE_LIBS=''
GREP='/usr/bin/grep'
HAVE_SYSTEMD_FALSE='#'
HAVE_SYSTEMD_TRUE=''
INSTALL_DATA='${INSTALL} -m 644'
INSTALL_PROGRAM='${INSTALL}'
INSTALL_SCRIPT='${INSTALL}'
INSTALL_STRIP_PROGRAM='$(install_sh) -c -s'
LD='/usr/bin/ld -m elf_x86_64'
LDFLAGS=''
LIBOBJS=''
LIBS=''
LIBTOOL='$(SHELL) $(top_builddir)/libtool'
LINUX_FALSE='#'
LINUX_TRUE=''
LIPO=''
LN_S='ln -s'
LTLIBOBJS=''
MACOS_FALSE=''
MACOS_TRUE='#'
MAKEINFO='${SHELL} /home/workroom1/myxrdp/xrdp-0.9.12/missing makeinfo'
MANIFEST_TOOL=':'
MKDIR_P='/usr/bin/mkdir -p'
NETBSD_FALSE=''
NETBSD_TRUE='#'
NM='/usr/bin/nm -B'
NMEDIT=''
OBJDUMP='objdump'
OBJEXT='o'
OPENBSD_FALSE=''
OPENBSD_TRUE='#'
OPENSSL='/usr/bin/openssl'
OPENSSL_CFLAGS=' '
OPENSSL_LIBS='-lssl -lcrypto  '
OTOOL64=''
OTOOL=''
PACKAGE='xrdp'
PACKAGE_BUGREPORT='xrdp-devel@googlegroups.com'
PACKAGE_NAME='xrdp'
PACKAGE_STRING='xrdp 0.9.12'
PACKAGE_TARNAME='xrdp'
PACKAGE_URL=''
PACKAGE_VERSION='0.9.12'
PAM_RULES='auto'
PATH_SEPARATOR=':'
PIXMAN_CFLAGS=''
PIXMAN_LIBS=''
PKG_CONFIG='/usr/bin/pkg-config'
PKG_CONFIG_LIBDIR=''
PKG_CONFIG_PATH='/usr/local/lib/pkgconfig'
RANLIB='ranlib'
SED='/usr/bin/sed'
SESMAN_BSD_FALSE=''
SESMAN_BSD_TRUE='#'
SESMAN_KERBEROS_FALSE=''
SESMAN_KERBEROS_TRUE='#'
SESMAN_NOPAM_FALSE=''
SESMAN_NOPAM_TRUE='#'
SESMAN_PAMUSERPASS_FALSE=''
SESMAN_PAMUSERPASS_TRUE='#'
SET_MAKE=''
SHELL='/bin/sh'
STRIP='strip'
TurboJpegIncDir=''
TurboJpegLibDir=''
VERSION='0.9.12'
XMKMF=''
XRDP_DEBUG_FALSE=''
XRDP_DEBUG_TRUE='#'
XRDP_FDK_AAC_FALSE=''
XRDP_FDK_AAC_TRUE='#'
XRDP_FUSE_FALSE=''
XRDP_FUSE_TRUE='#'
XRDP_JPEG_FALSE=''
XRDP_JPEG_TRUE='#'
XRDP_MP3LAME_FALSE=''
XRDP_MP3LAME_TRUE='#'
XRDP_NEUTRINORDP_FALSE='#'
XRDP_NEUTRINORDP_TRUE=''
XRDP_OPUS_FALSE=''
XRDP_OPUS_TRUE='#'
XRDP_PAINTER_FALSE='#'
XRDP_PAINTER_TRUE=''
XRDP_PIXMAN_FALSE=''
XRDP_PIXMAN_TRUE='#'
XRDP_RDPSNDAUDIN_FALSE=''
XRDP_RDPSNDAUDIN_TRUE='#'
XRDP_RFXCODEC_FALSE='#'
XRDP_RFXCODEC_TRUE=''
XRDP_TJPEG_FALSE=''
XRDP_TJPEG_TRUE='#'
XRDP_XRDPVR_FALSE=''
XRDP_XRDPVR_TRUE='#'
X_CFLAGS=''
X_EXTRA_LIBS=''
X_LIBS=''
X_PRE_LIBS=''
ac_ct_AR='ar'
ac_ct_CC='gcc'
ac_ct_DUMPBIN=''
am__EXEEXT_FALSE=''
am__EXEEXT_TRUE='#'
am__fastdepCC_FALSE='#'
am__fastdepCC_TRUE=''
am__include='include'
am__isrc=''
am__leading_dot='.'
am__nodep='_no'
am__quote=''
am__tar='$${TAR-tar} chof - "$$tardir"'
am__untar='$${TAR-tar} xf -'
bindir='${exec_prefix}/bin'
build='x86_64-unknown-linux-gnu'
build_alias=''
build_cpu='x86_64'
build_os='linux-gnu'
build_vendor='unknown'
datadir='${datarootdir}'
datarootdir='${prefix}/share'
docdir='${datarootdir}/doc/${PACKAGE_TARNAME}'
dvidir='${docdir}'
exec_prefix='${prefix}'
host='x86_64-unknown-linux-gnu'
host_alias=''
host_cpu='x86_64'
host_os='linux-gnu'
host_vendor='unknown'
htmldir='${docdir}'
includedir='${prefix}/include'
infodir='${datarootdir}/info'
install_sh='${SHELL} /home/workroom1/myxrdp/xrdp-0.9.12/install-sh'
libdir='${exec_prefix}/lib'
libexecdir='${exec_prefix}/libexec'
localedir='${datarootdir}/locale'
localstatedir='/var'
mandir='${datarootdir}/man'
mkdir_p='$(MKDIR_P)'
moduledir='${libdir}/xrdp'
oldincludedir='/usr/include'
pdfdir='${docdir}'
pkgconfigdir='${libdir}/pkgconfig'
prefix='/usr/local'
program_transform_name='s,x,x,'
psdir='${docdir}'
sbindir='${exec_prefix}/sbin'
sharedstatedir='${prefix}/com'
socketdir='/tmp/.xrdp'
subdirs=' libpainter librfxcodec'
sysconfdir='/etc'
systemdsystemunitdir='/usr/lib/systemd/system'
target_alias=''

## ----------- ##
## confdefs.h. ##
## ----------- ##

/* confdefs.h */
#define PACKAGE_NAME "xrdp"
#define PACKAGE_TARNAME "xrdp"
#define PACKAGE_VERSION "0.9.12"
#define PACKAGE_STRING "xrdp 0.9.12"
#define PACKAGE_BUGREPORT "xrdp-devel@googlegroups.com"
#define PACKAGE_URL ""
#define PACKAGE "xrdp"
#define VERSION "0.9.12"
#define STDC_HEADERS 1
#define HAVE_SYS_TYPES_H 1
#define HAVE_SYS_STAT_H 1
#define HAVE_STDLIB_H 1
#define HAVE_STRING_H 1
#define HAVE_MEMORY_H 1
#define HAVE_STRINGS_H 1
#define HAVE_INTTYPES_H 1
#define HAVE_STDINT_H 1
#define HAVE_UNISTD_H 1
#define HAVE_DLFCN_H 1
#define LT_OBJDIR ".libs/"
#define HAVE_FUNC_ATTRIBUTE_FORMAT 1
#define HAVE__PAM_TYPES_H 1
#define HAVE_SYS_PRCTL_H 1

configure: exit 0

## ---------------------- ##
## Running config.status. ##
## ---------------------- ##

This file was extended by xrdp config.status 0.9.12, which was
generated by GNU Autoconf 2.69.  Invocation command line was

  CONFIG_FILES    = 
  CONFIG_HEADERS  = 
  CONFIG_LINKS    = 
  CONFIG_COMMANDS = 
  $ ./config.status xrdp/Makefile depfiles

on localhost.localdomain

config.status:1183: creating xrdp/Makefile
config.status:1412: executing depfiles commands
